1.333811 -0.091739 uusc/RB_GAIA_MEM_173/GAIA_MEM_173/D[83] uusc/RB_GAIA_MEM_173/GAIA_MEM_173/D[83]
1.337663 -0.090461 uusc/RB_GAIA_MEM_173/GAIA_MEM_173/D[51] uusc/RB_GAIA_MEM_173/GAIA_MEM_173/D[51]
1.319607 -0.083635 uusc/U6820_Y_ALCHIP_LS_OPT_20151211a_U4_A_O2LVLUO_X4M_jasons_44449/A uusc/RB_GAIA_MEM_170/GAIA_MEM_170/D[83]
1.323509 -0.082262 uusc/U6820_Y_ALCHIP_LS_OPT_20151211a_U2_A_O2LVLUO_X4M_jasons_44447/A uusc/RB_GAIA_MEM_170/GAIA_MEM_170/D[51]
1.465361 -0.098174 uusc/Uusc_mcctl/Uusc_mcctl_tmpmem/U1122/A0 uusc/Uusc_mcctl/Uusc_mcctl_tmpmem/RB_GAIA_MEM_R_166/GAIA_MEM_R_166/u0/u0/DB[52]
1.465361 -0.095759 uusc/Uusc_mcctl/Uusc_mcctl_tmpmem/U1122/A0 uusc/Uusc_mcctl/Uusc_mcctl_tmpmem/RB_GAIA_MEM_R_168/GAIA_MEM_R_168/u0/u0/DB[52]
1.470023 -0.129636 uusc/Uusc_rasmem/U2724/B1 uusc/Uusc_rasmem/RB_GAIA_MEM_R_55/GAIA_MEM_R_55/u0/u0/DB[12]
1.470023 -0.106905 uusc/Uusc_rasmem/U2724/B1 uusc/Uusc_rasmem/RB_GAIA_MEM_R_57/GAIA_MEM_R_57/u0/u0/DB[12]
1.299871 -0.078336 uusc/Uusc_rasmem/U2957/B1 uusc/Uusc_rasmem/RB_GAIA_MEM_R_55/GAIA_MEM_R_55/u0/u0/DB[13]
1.299871 -0.055558 uusc/Uusc_rasmem/U2957/B1 uusc/Uusc_rasmem/RB_GAIA_MEM_R_57/GAIA_MEM_R_57/u0/u0/DB[13]
1.521451 -0.129693 uusc/Uusc_mcctl/Uusc_mcctl_tmpmem/U998/A0 uusc/Uusc_mcctl/Uusc_mcctl_tmpmem/RB_GAIA_MEM_R_88/GAIA_MEM_R_88/u0/u0/DB[43]
1.523046 -0.125380 uusc/Uusc_mcctl/Uusc_mcctl_tmpmem/U511/A0 uusc/Uusc_mcctl/Uusc_mcctl_tmpmem/RB_GAIA_MEM_R_88/GAIA_MEM_R_88/u0/u0/DB[42]
1.458344 -0.120322 uusc/Uusc_mcctl/Uusc_mcctl_tmpmem/U1030/A0 uusc/Uusc_mcctl/Uusc_mcctl_tmpmem/RB_GAIA_MEM_R_166/GAIA_MEM_R_166/u0/u0/DB[58]
1.458344 -0.116477 uusc/Uusc_mcctl/Uusc_mcctl_tmpmem/U1030/A0 uusc/Uusc_mcctl/Uusc_mcctl_tmpmem/RB_GAIA_MEM_R_168/GAIA_MEM_R_168/u0/u0/DB[58]
1.589885 -0.131744 uusc/Uusc_rasmem/U1363/B1 uusc/Uusc_rasmem/RB_GAIA_MEM_R_43/GAIA_MEM_R_43/u0/u0/DB[43]
1.589885 -0.127773 uusc/Uusc_rasmem/U1363/B1 uusc/Uusc_rasmem/RB_GAIA_MEM_R_53/GAIA_MEM_R_53/u0/u0/DB[43]
1.340767 -0.050579 uusc/Uusc_rasmem/U2383/B1 uusc/Uusc_rasmem/RB_GAIA_MEM_R_33/GAIA_MEM_R_33/u0/u0/DB[15]
1.335336 -0.080353 uusc/Uusc_rasmem/U1457/B1 uusc/Uusc_rasmem/RB_GAIA_MEM_R_33/GAIA_MEM_R_33/u0/u0/DB[17]
1.335336 -0.041439 uusc/Uusc_rasmem/U1457/B1 uusc/Uusc_rasmem/RB_GAIA_MEM_R_31/GAIA_MEM_R_31/u0/u0/DB[17]
1.100019 -0.044354 uusc/Uusc_bcmmem/U536/A0 uusc/Uusc_bcmmem/RB_GAIA_MEM_R_47/GAIA_MEM_R_47/u0/u0/DB[39]
1.100019 -0.041835 uusc/Uusc_bcmmem/U536/A0 uusc/Uusc_bcmmem/RB_GAIA_MEM_R_45/GAIA_MEM_R_45/u0/u0/DB[39]
1.200776 -0.062408 uusc/PLCOPT1517/A uusc/Uusc_ocmif/RB_GAIA_MEM_68/GAIA_MEM_68/DB[25]
1.241317 -0.129498 uusc/Uusc_rasmem/U1495/B1 uusc/Uusc_rasmem/RB_GAIA_MEM_R_59/GAIA_MEM_R_59/u0/u0/DB[41]
1.241317 -0.124706 uusc/Uusc_rasmem/U1495/B1 uusc/Uusc_rasmem/RB_GAIA_MEM_R_61/GAIA_MEM_R_61/u0/u0/DB[41]
1.144376 -0.060948 uusc/Uusc_rasmem/U1494/B1 uusc/Uusc_rasmem/RB_GAIA_MEM_R_60/GAIA_MEM_R_60/u0/u0/DB[41]
1.144376 -0.056205 uusc/Uusc_rasmem/U1494/B1 uusc/Uusc_rasmem/RB_GAIA_MEM_R_62/GAIA_MEM_R_62/u0/u0/DB[41]
1.378348 -0.088998 uusc/Uusc_rasmem/U964/B1 uusc/Uusc_rasmem/RB_GAIA_MEM_R_58/GAIA_MEM_R_58/u0/u0/DB[1]
1.378348 -0.056115 uusc/Uusc_rasmem/U964/B1 uusc/Uusc_rasmem/RB_GAIA_MEM_R_56/GAIA_MEM_R_56/u0/u0/DB[1]
1.549878 -0.160554 uusc/Uusc_mcctl/Uusc_mcctl_tmpmem/U1084/A0 uusc/Uusc_mcctl/Uusc_mcctl_tmpmem/RB_GAIA_MEM_R_166/GAIA_MEM_R_166/u0/u0/DB[34]
1.549878 -0.118769 uusc/Uusc_mcctl/Uusc_mcctl_tmpmem/U1084/A0 uusc/Uusc_mcctl/Uusc_mcctl_tmpmem/RB_GAIA_MEM_R_168/GAIA_MEM_R_168/u0/u0/DB[34]
1.521319 -0.104390 uusc/Uusc_mcctl/Uusc_mcctl_tmpmem/U313/A0 uusc/Uusc_mcctl/Uusc_mcctl_tmpmem/RB_GAIA_MEM_R_166/GAIA_MEM_R_166/u0/u0/DB[35]
1.521319 -0.099873 uusc/Uusc_mcctl/Uusc_mcctl_tmpmem/U313/A0 uusc/Uusc_mcctl/Uusc_mcctl_tmpmem/RB_GAIA_MEM_R_168/GAIA_MEM_R_168/u0/u0/DB[35]
1.453219 -0.093968 uusc/Uusc_rasmem/U1472/B1 uusc/Uusc_rasmem/RB_GAIA_MEM_R_33/GAIA_MEM_R_33/u0/u0/DB[11]
1.453219 -0.055106 uusc/Uusc_rasmem/U1472/B1 uusc/Uusc_rasmem/RB_GAIA_MEM_R_31/GAIA_MEM_R_31/u0/u0/DB[11]
1.359677 -0.053866 uusc/Uusc_rasmem/U1475/B1 uusc/Uusc_rasmem/RB_GAIA_MEM_R_33/GAIA_MEM_R_33/u0/u0/DB[10]
1.234404 -0.103293 uusc/Uusc_bcmmem/U795/A1N uusc/Uusc_bcmmem/RB_GAIA_MEM_R_44/GAIA_MEM_R_44/u0/u0/DB[52]
1.234404 -0.087994 uusc/Uusc_bcmmem/U795/A1N uusc/Uusc_bcmmem/RB_GAIA_MEM_R_46/GAIA_MEM_R_46/u0/u0/DB[52]
1.292833 -0.126831 uusc/Uusc_rasmem/U1984/B1 uusc/Uusc_rasmem/RB_GAIA_MEM_R_58/GAIA_MEM_R_58/u0/u0/DB[48]
1.377197 -0.098352 uusc/Uusc_rasmem/U2565/B1 uusc/Uusc_rasmem/RB_GAIA_MEM_R_58/GAIA_MEM_R_58/u0/u0/DB[49]
1.377197 -0.065072 uusc/Uusc_rasmem/U2565/B1 uusc/Uusc_rasmem/RB_GAIA_MEM_R_56/GAIA_MEM_R_56/u0/u0/DB[49]
1.292833 -0.053514 uusc/Uusc_rasmem/U1984/B1 uusc/Uusc_rasmem/RB_GAIA_MEM_R_56/GAIA_MEM_R_56/u0/u0/DB[48]
1.642854 -0.128191 uuec/uVLD/uPrd1FIFO/RB_GAIA_MEM_13/GAIA_MEM_13/AB[1] uuec/uVLD/uPrd1FIFO/RB_GAIA_MEM_13/GAIA_MEM_13/AB[1]
1.587200 -0.121661 uuec/uVLD/uPrd1FIFO/RB_GAIA_MEM_13/GAIA_MEM_13/AB[0] uuec/uVLD/uPrd1FIFO/RB_GAIA_MEM_13/GAIA_MEM_13/AB[0]
0.867426 -0.140743 uusc/RB_GAIA_MEM_169/GAIA_MEM_169/D[17] uusc/RB_GAIA_MEM_169/GAIA_MEM_169/D[17]
0.868191 -0.140579 uusc/RB_GAIA_MEM_168/GAIA_MEM_168/D[17] uusc/RB_GAIA_MEM_168/GAIA_MEM_168/D[17]
1.607615 -0.157251 uusc/Uusc_rasmem/U1966/B1 uusc/Uusc_rasmem/RB_GAIA_MEM_R_39/GAIA_MEM_R_39/u0/u0/DB[63]
1.607615 -0.152047 uusc/Uusc_rasmem/U1966/B1 uusc/Uusc_rasmem/RB_GAIA_MEM_R_41/GAIA_MEM_R_41/u0/u0/DB[63]
1.370544 -0.141302 uusc/Uusc_rasmem/U2485/B1 uusc/Uusc_rasmem/RB_GAIA_MEM_R_39/GAIA_MEM_R_39/u0/u0/DB[62]
1.370544 -0.102106 uusc/Uusc_rasmem/U2485/B1 uusc/Uusc_rasmem/RB_GAIA_MEM_R_41/GAIA_MEM_R_41/u0/u0/DB[62]
1.533218 -0.123158 uusc/Uusc_mcctl/Uusc_mcctl_tmpmem/PLCOPT18/A0 uusc/Uusc_mcctl/Uusc_mcctl_tmpmem/RB_GAIA_MEM_R_166/GAIA_MEM_R_166/u0/u0/DB[19]
1.533218 -0.118241 uusc/Uusc_mcctl/Uusc_mcctl_tmpmem/PLCOPT18/A0 uusc/Uusc_mcctl/Uusc_mcctl_tmpmem/RB_GAIA_MEM_R_168/GAIA_MEM_R_168/u0/u0/DB[19]
1.674708 -0.187712 uusc/Uusc_mcctl/Uusc_mcctl_tmpmem/U1047/A0 uusc/Uusc_mcctl/Uusc_mcctl_tmpmem/RB_GAIA_MEM_R_166/GAIA_MEM_R_166/u0/u0/DB[31]
1.674708 -0.182734 uusc/Uusc_mcctl/Uusc_mcctl_tmpmem/U1047/A0 uusc/Uusc_mcctl/Uusc_mcctl_tmpmem/RB_GAIA_MEM_R_168/GAIA_MEM_R_168/u0/u0/DB[31]
1.583105 -0.146479 uusc/Uusc_mcctl/Uusc_mcctl_tmpmem/U860/B0 uusc/Uusc_mcctl/Uusc_mcctl_tmpmem/RB_GAIA_MEM_R_166/GAIA_MEM_R_166/u0/u0/DB[30]
1.583105 -0.141928 uusc/Uusc_mcctl/Uusc_mcctl_tmpmem/U860/B0 uusc/Uusc_mcctl/Uusc_mcctl_tmpmem/RB_GAIA_MEM_R_168/GAIA_MEM_R_168/u0/u0/DB[30]
1.079453 -0.116185 uusc/RB_GAIA_MEM_171/GAIA_MEM_171/D[52] uusc/RB_GAIA_MEM_171/GAIA_MEM_171/D[52]
1.074441 -0.113918 uusc/RB_GAIA_MEM_172/GAIA_MEM_172/D[52] uusc/RB_GAIA_MEM_172/GAIA_MEM_172/D[52]
1.489743 -0.185385 uusc/Uusc_rasmem/U1778/B1 uusc/Uusc_rasmem/RB_GAIA_MEM_R_55/GAIA_MEM_R_55/u0/u0/DB[62]
1.453149 -0.185337 uusc/Uusc_rasmem/U2578/B1 uusc/Uusc_rasmem/RB_GAIA_MEM_R_55/GAIA_MEM_R_55/u0/u0/DB[63]
1.453149 -0.165725 uusc/Uusc_rasmem/U2578/B1 uusc/Uusc_rasmem/RB_GAIA_MEM_R_57/GAIA_MEM_R_57/u0/u0/DB[63]
1.489743 -0.163290 uusc/Uusc_rasmem/U1778/B1 uusc/Uusc_rasmem/RB_GAIA_MEM_R_57/GAIA_MEM_R_57/u0/u0/DB[62]
1.591727 -0.143229 uusc/Uusc_rasmem/U1829/B1 uusc/Uusc_rasmem/RB_GAIA_MEM_R_35/GAIA_MEM_R_35/u0/u0/DB[43]
1.568748 -0.137030 uusc/Uusc_rasmem/U1830/B1 uusc/Uusc_rasmem/RB_GAIA_MEM_R_35/GAIA_MEM_R_35/u0/u0/DB[42]
1.591727 -0.134580 uusc/Uusc_rasmem/U1829/B1 uusc/Uusc_rasmem/RB_GAIA_MEM_R_37/GAIA_MEM_R_37/u0/u0/DB[43]
1.568748 -0.128394 uusc/Uusc_rasmem/U1830/B1 uusc/Uusc_rasmem/RB_GAIA_MEM_R_37/GAIA_MEM_R_37/u0/u0/DB[42]
1.507735 -0.119729 uusc/Uusc_rasmem/U2170/B1 uusc/Uusc_rasmem/RB_GAIA_MEM_R_33/GAIA_MEM_R_33/u0/u0/DB[47]
1.455721 -0.110872 uusc/Uusc_rasmem/U1731/B1 uusc/Uusc_rasmem/RB_GAIA_MEM_R_33/GAIA_MEM_R_33/u0/u0/DB[46]
1.507735 -0.080574 uusc/Uusc_rasmem/U2170/B1 uusc/Uusc_rasmem/RB_GAIA_MEM_R_31/GAIA_MEM_R_31/u0/u0/DB[47]
1.455721 -0.071319 uusc/Uusc_rasmem/U1731/B1 uusc/Uusc_rasmem/RB_GAIA_MEM_R_31/GAIA_MEM_R_31/u0/u0/DB[46]
1.494826 -0.132282 uusc/Uusc_rasmem/U3039/B1 uusc/Uusc_rasmem/RB_GAIA_MEM_R_58/GAIA_MEM_R_58/u0/u0/DB[5]
1.432651 -0.123228 uusc/Uusc_rasmem/U3036/B1 uusc/Uusc_rasmem/RB_GAIA_MEM_R_58/GAIA_MEM_R_58/u0/u0/DB[4]
1.494826 -0.099175 uusc/Uusc_rasmem/U3039/B1 uusc/Uusc_rasmem/RB_GAIA_MEM_R_56/GAIA_MEM_R_56/u0/u0/DB[5]
1.432651 -0.090155 uusc/Uusc_rasmem/U3036/B1 uusc/Uusc_rasmem/RB_GAIA_MEM_R_56/GAIA_MEM_R_56/u0/u0/DB[4]
1.776613 -0.106049 uuec/uVLD/uY0FIFO/RB_GAIA_MEM_22/GAIA_MEM_22_AB_2__O2LVLUO_X4M_jasons_14264/A uuec/uVLD/uY0FIFO/RB_GAIA_MEM_22/GAIA_MEM_22/AB[2]
1.731219 -0.130250 uuec/uVLC/uEst/RB_GAIA_MEM_258/GAIA_MEM_258/AB[2] uuec/uVLC/uEst/RB_GAIA_MEM_258/GAIA_MEM_258/AB[2]
1.351523 -0.104819 uusc/Uusc_rasmem/U2930/B1 uusc/Uusc_rasmem/RB_GAIA_MEM_R_58/GAIA_MEM_R_58/u0/u0/DB[26]
1.364646 -0.092339 uusc/Uusc_rasmem/U933/B1 uusc/Uusc_rasmem/RB_GAIA_MEM_R_58/GAIA_MEM_R_58/u0/u0/DB[27]
1.351523 -0.071320 uusc/Uusc_rasmem/U2930/B1 uusc/Uusc_rasmem/RB_GAIA_MEM_R_56/GAIA_MEM_R_56/u0/u0/DB[26]
1.364646 -0.059476 uusc/Uusc_rasmem/U933/B1 uusc/Uusc_rasmem/RB_GAIA_MEM_R_56/GAIA_MEM_R_56/u0/u0/DB[27]
1.589977 -0.170047 uusc/Uusc_rasmem/U1361/B1 uusc/Uusc_rasmem/RB_GAIA_MEM_R_55/GAIA_MEM_R_55/u0/u0/DB[23]
1.535466 -0.167316 uusc/Uusc_rasmem/U1786/B1 uusc/Uusc_rasmem/RB_GAIA_MEM_R_55/GAIA_MEM_R_55/u0/u0/DB[22]
1.589977 -0.147164 uusc/Uusc_rasmem/U1361/B1 uusc/Uusc_rasmem/RB_GAIA_MEM_R_57/GAIA_MEM_R_57/u0/u0/DB[23]
1.535466 -0.145985 uusc/Uusc_rasmem/U1786/B1 uusc/Uusc_rasmem/RB_GAIA_MEM_R_57/GAIA_MEM_R_57/u0/u0/DB[22]
1.434541 -0.158793 uusc/Uusc_rasmem/U2977/B1 uusc/Uusc_rasmem/RB_GAIA_MEM_R_55/GAIA_MEM_R_55/u0/u0/DB[61]
1.468700 -0.156594 uusc/Uusc_rasmem/U2579/B1 uusc/Uusc_rasmem/RB_GAIA_MEM_R_55/GAIA_MEM_R_55/u0/u0/DB[60]
1.434541 -0.136585 uusc/Uusc_rasmem/U2977/B1 uusc/Uusc_rasmem/RB_GAIA_MEM_R_57/GAIA_MEM_R_57/u0/u0/DB[61]
1.468700 -0.133916 uusc/Uusc_rasmem/U2579/B1 uusc/Uusc_rasmem/RB_GAIA_MEM_R_57/GAIA_MEM_R_57/u0/u0/DB[60]
1.357748 -0.106552 uusc/Uusc_rasmem/U1221/B1 uusc/Uusc_rasmem/RB_GAIA_MEM_R_33/GAIA_MEM_R_33/u0/u0/DB[5]
1.352212 -0.045193 uusc/Uusc_rasmem/U929/B1 uusc/Uusc_rasmem/RB_GAIA_MEM_R_33/GAIA_MEM_R_33/u0/u0/DB[4]
1.616894 -0.044927 uuec/uStrDec/uMV/RB_GAIA_MEM_R_245/GAIA_MEM_R_245/u0/u0_D_3__O2LVLUO_X4M_jasons_11119/A uuec/uStrDec/uMV/RB_GAIA_MEM_R_245/GAIA_MEM_R_245/u0/u0/D[3]
1.506308 -0.146521 uusc/Uusc_rasmem/U2000/B1 uusc/Uusc_rasmem/RB_GAIA_MEM_R_55/GAIA_MEM_R_55/u0/u0/DB[0]
1.504538 -0.129502 uusc/Uusc_rasmem/U2953/B1 uusc/Uusc_rasmem/RB_GAIA_MEM_R_55/GAIA_MEM_R_55/u0/u0/DB[1]
1.506308 -0.123867 uusc/Uusc_rasmem/U2000/B1 uusc/Uusc_rasmem/RB_GAIA_MEM_R_57/GAIA_MEM_R_57/u0/u0/DB[0]
1.504538 -0.106504 uusc/Uusc_rasmem/U2953/B1 uusc/Uusc_rasmem/RB_GAIA_MEM_R_57/GAIA_MEM_R_57/u0/u0/DB[1]
1.292100 -0.077315 uusc/U6160/A uusc/Uusc_ocmif/RB_GAIA_MEM_68/GAIA_MEM_68/DB[17]
1.275934 -0.073463 uusc/U6157/A uusc/Uusc_ocmif/RB_GAIA_MEM_68/GAIA_MEM_68/DB[16]
1.364190 -0.109572 uusc/Uusc_rasmem/U2937/B1 uusc/Uusc_rasmem/RB_GAIA_MEM_R_58/GAIA_MEM_R_58/u0/u0/DB[12]
1.323547 -0.099381 uusc/Uusc_rasmem/U2555/B1 uusc/Uusc_rasmem/RB_GAIA_MEM_R_58/GAIA_MEM_R_58/u0/u0/DB[13]
1.364190 -0.076281 uusc/Uusc_rasmem/U2937/B1 uusc/Uusc_rasmem/RB_GAIA_MEM_R_56/GAIA_MEM_R_56/u0/u0/DB[12]
1.323547 -0.064824 uusc/Uusc_rasmem/U2555/B1 uusc/Uusc_rasmem/RB_GAIA_MEM_R_56/GAIA_MEM_R_56/u0/u0/DB[13]
1.261836 -0.039758 uusc/Uusc_rasmem/U2683/B1 uusc/Uusc_rasmem/RB_GAIA_MEM_R_39/GAIA_MEM_R_39/u0/u0/DB[10]
1.507980 -0.146615 uusc/Uusc_rasmem/PLCOPT227/B1 uusc/Uusc_rasmem/RB_GAIA_MEM_R_58/GAIA_MEM_R_58/u0/u0/DB[31]
1.504765 -0.143154 uusc/Uusc_rasmem/U2725/B1 uusc/Uusc_rasmem/RB_GAIA_MEM_R_58/GAIA_MEM_R_58/u0/u0/DB[30]
1.507980 -0.113087 uusc/Uusc_rasmem/PLCOPT227/B1 uusc/Uusc_rasmem/RB_GAIA_MEM_R_56/GAIA_MEM_R_56/u0/u0/DB[31]
1.504765 -0.109836 uusc/Uusc_rasmem/U2725/B1 uusc/Uusc_rasmem/RB_GAIA_MEM_R_56/GAIA_MEM_R_56/u0/u0/DB[30]
1.577738 -0.147103 uusc/Uusc_rasmem/U1814/B1 uusc/Uusc_rasmem/RB_GAIA_MEM_R_35/GAIA_MEM_R_35/u0/u0/DB[59]
1.500578 -0.143006 uusc/Uusc_rasmem/U1815/B1 uusc/Uusc_rasmem/RB_GAIA_MEM_R_35/GAIA_MEM_R_35/u0/u0/DB[58]
1.577738 -0.138623 uusc/Uusc_rasmem/U1814/B1 uusc/Uusc_rasmem/RB_GAIA_MEM_R_37/GAIA_MEM_R_37/u0/u0/DB[59]
1.500578 -0.097237 uusc/Uusc_rasmem/U1815/B1 uusc/Uusc_rasmem/RB_GAIA_MEM_R_37/GAIA_MEM_R_37/u0/u0/DB[58]
1.377869 -0.041999 uusc/Uusc_rasmem/U1586/B1 uusc/Uusc_rasmem/RB_GAIA_MEM_R_39/GAIA_MEM_R_39/u0/u0/DB[1]
1.536188 -0.077268 uusc/Uusc_umeif/RB_GAIA_MEM_147/GAIA_MEM_147/AA[2] uusc/Uusc_umeif/RB_GAIA_MEM_147/GAIA_MEM_147/AA[2]
1.481377 -0.056990 uusc/Uusc_umeif/RB_GAIA_MEM_145/GAIA_MEM_145/AA[2] uusc/Uusc_umeif/RB_GAIA_MEM_145/GAIA_MEM_145/AA[2]
1.476270 -0.047968 uusc/Uusc_umeif/RB_GAIA_MEM_146/GAIA_MEM_146/AA[2] uusc/Uusc_umeif/RB_GAIA_MEM_146/GAIA_MEM_146/AA[2]
1.575032 -0.137367 uusc/Uusc_rasmem/U2688/B1 uusc/Uusc_rasmem/RB_GAIA_MEM_R_39/GAIA_MEM_R_39/u0/u0/DB[34]
1.520613 -0.134319 uusc/Uusc_rasmem/U2686/B1 uusc/Uusc_rasmem/RB_GAIA_MEM_R_39/GAIA_MEM_R_39/u0/u0/DB[35]
1.575032 -0.132186 uusc/Uusc_rasmem/U2688/B1 uusc/Uusc_rasmem/RB_GAIA_MEM_R_41/GAIA_MEM_R_41/u0/u0/DB[34]
1.520613 -0.129275 uusc/Uusc_rasmem/U2686/B1 uusc/Uusc_rasmem/RB_GAIA_MEM_R_41/GAIA_MEM_R_41/u0/u0/DB[35]
1.471681 -0.170413 uusc/Uusc_rasmem/U2960/B1 uusc/Uusc_rasmem/RB_GAIA_MEM_R_58/GAIA_MEM_R_58/u0/u0/DB[63]
1.421089 -0.152624 uusc/Uusc_rasmem/U2559/B1 uusc/Uusc_rasmem/RB_GAIA_MEM_R_58/GAIA_MEM_R_58/u0/u0/DB[62]
1.471681 -0.099362 uusc/Uusc_rasmem/U2960/B1 uusc/Uusc_rasmem/RB_GAIA_MEM_R_56/GAIA_MEM_R_56/u0/u0/DB[63]
1.421089 -0.091245 uusc/Uusc_rasmem/U2559/B1 uusc/Uusc_rasmem/RB_GAIA_MEM_R_56/GAIA_MEM_R_56/u0/u0/DB[62]
1.059371 -0.048890 uusc/Uusc_bcmmem/U706/A1N uusc/Uusc_bcmmem/RB_GAIA_MEM_R_44/GAIA_MEM_R_44/u0/u0/DB[14]
1.474507 -0.114982 uusc/Uusc_rasmem/U1739/B1 uusc/Uusc_rasmem/RB_GAIA_MEM_R_33/GAIA_MEM_R_33/u0/u0/DB[36]
1.357764 -0.089916 uusc/Uusc_rasmem/U908/B1 uusc/Uusc_rasmem/RB_GAIA_MEM_R_33/GAIA_MEM_R_33/u0/u0/DB[37]
1.474507 -0.075722 uusc/Uusc_rasmem/U1739/B1 uusc/Uusc_rasmem/RB_GAIA_MEM_R_31/GAIA_MEM_R_31/u0/u0/DB[36]
1.357764 -0.050602 uusc/Uusc_rasmem/U908/B1 uusc/Uusc_rasmem/RB_GAIA_MEM_R_31/GAIA_MEM_R_31/u0/u0/DB[37]
1.577226 -0.145436 uusc/Uusc_rasmem/U1590/B1 uusc/Uusc_rasmem/RB_GAIA_MEM_R_39/GAIA_MEM_R_39/u0/u0/DB[43]
1.577226 -0.139821 uusc/Uusc_rasmem/U1590/B1 uusc/Uusc_rasmem/RB_GAIA_MEM_R_41/GAIA_MEM_R_41/u0/u0/DB[43]
1.528235 -0.136661 uusc/Uusc_rasmem/U1591/B1 uusc/Uusc_rasmem/RB_GAIA_MEM_R_39/GAIA_MEM_R_39/u0/u0/DB[42]
1.528235 -0.131091 uusc/Uusc_rasmem/U1591/B1 uusc/Uusc_rasmem/RB_GAIA_MEM_R_41/GAIA_MEM_R_41/u0/u0/DB[42]
1.437665 -0.135967 uusc/Uusc_rasmem/U2563/B1 uusc/Uusc_rasmem/RB_GAIA_MEM_R_58/GAIA_MEM_R_58/u0/u0/DB[53]
1.437665 -0.102369 uusc/Uusc_rasmem/U2563/B1 uusc/Uusc_rasmem/RB_GAIA_MEM_R_56/GAIA_MEM_R_56/u0/u0/DB[53]
1.330265 -0.099203 uusc/Uusc_rasmem/U2966/B1 uusc/Uusc_rasmem/RB_GAIA_MEM_R_58/GAIA_MEM_R_58/u0/u0/DB[52]
1.330265 -0.065933 uusc/Uusc_rasmem/U2966/B1 uusc/Uusc_rasmem/RB_GAIA_MEM_R_56/GAIA_MEM_R_56/u0/u0/DB[52]
1.350489 -0.127018 uusc/Uusc_rasmem/U2971/B1 uusc/Uusc_rasmem/RB_GAIA_MEM_R_58/GAIA_MEM_R_58/u0/u0/DB[43]
1.369851 -0.123850 uusc/Uusc_rasmem/U2568/B1 uusc/Uusc_rasmem/RB_GAIA_MEM_R_58/GAIA_MEM_R_58/u0/u0/DB[42]
1.350489 -0.093779 uusc/Uusc_rasmem/U2971/B1 uusc/Uusc_rasmem/RB_GAIA_MEM_R_56/GAIA_MEM_R_56/u0/u0/DB[43]
1.369851 -0.090896 uusc/Uusc_rasmem/U2568/B1 uusc/Uusc_rasmem/RB_GAIA_MEM_R_56/GAIA_MEM_R_56/u0/u0/DB[42]
1.353862 -0.052426 uusc/Uusc_rasmem/U2681/B1 uusc/Uusc_rasmem/RB_GAIA_MEM_R_39/GAIA_MEM_R_39/u0/u0/DB[18]
1.353862 -0.046671 uusc/Uusc_rasmem/U2681/B1 uusc/Uusc_rasmem/RB_GAIA_MEM_R_41/GAIA_MEM_R_41/u0/u0/DB[18]
1.342446 -0.119116 uusc/Uusc_rasmem/U1179/B1 uusc/Uusc_rasmem/RB_GAIA_MEM_R_33/GAIA_MEM_R_33/u0/u0/DB[45]
1.355110 -0.113520 uusc/Uusc_rasmem/U1736/B1 uusc/Uusc_rasmem/RB_GAIA_MEM_R_33/GAIA_MEM_R_33/u0/u0/DB[44]
1.342446 -0.079740 uusc/Uusc_rasmem/U1179/B1 uusc/Uusc_rasmem/RB_GAIA_MEM_R_31/GAIA_MEM_R_31/u0/u0/DB[45]
1.355110 -0.074137 uusc/Uusc_rasmem/U1736/B1 uusc/Uusc_rasmem/RB_GAIA_MEM_R_31/GAIA_MEM_R_31/u0/u0/DB[44]
1.421865 -0.121581 uusc/Uusc_rasmem/U1934/B1 uusc/Uusc_rasmem/RB_GAIA_MEM_R_33/GAIA_MEM_R_33/u0/u0/DB[56]
1.433021 -0.113937 uusc/Uusc_rasmem/U1932/B1 uusc/Uusc_rasmem/RB_GAIA_MEM_R_33/GAIA_MEM_R_33/u0/u0/DB[57]
1.421865 -0.082228 uusc/Uusc_rasmem/U1934/B1 uusc/Uusc_rasmem/RB_GAIA_MEM_R_31/GAIA_MEM_R_31/u0/u0/DB[56]
1.433021 -0.074612 uusc/Uusc_rasmem/U1932/B1 uusc/Uusc_rasmem/RB_GAIA_MEM_R_31/GAIA_MEM_R_31/u0/u0/DB[57]
1.258072 -0.121011 uusc/Uusc_rasmem/U2537/B1 uusc/Uusc_rasmem/RB_GAIA_MEM_R_59/GAIA_MEM_R_59/u0/u0/DB[24]
1.267119 -0.118027 uusc/Uusc_rasmem/U2536/B1 uusc/Uusc_rasmem/RB_GAIA_MEM_R_59/GAIA_MEM_R_59/u0/u0/DB[25]
1.258072 -0.116279 uusc/Uusc_rasmem/U2537/B1 uusc/Uusc_rasmem/RB_GAIA_MEM_R_61/GAIA_MEM_R_61/u0/u0/DB[24]
1.267119 -0.113371 uusc/Uusc_rasmem/U2536/B1 uusc/Uusc_rasmem/RB_GAIA_MEM_R_61/GAIA_MEM_R_61/u0/u0/DB[25]
1.540524 -0.136292 uusc/Uusc_mcctl/Uusc_mcctl_tmpmem/U613/A0 uusc/Uusc_mcctl/Uusc_mcctl_tmpmem/RB_GAIA_MEM_R_166/GAIA_MEM_R_166/u0/u0/DB[45]
1.540524 -0.134207 uusc/Uusc_mcctl/Uusc_mcctl_tmpmem/U613/A0 uusc/Uusc_mcctl/Uusc_mcctl_tmpmem/RB_GAIA_MEM_R_168/GAIA_MEM_R_168/u0/u0/DB[45]
1.431192 -0.113635 uusc/Uusc_mcctl/Uusc_mcctl_tmpmem/U1034/A0 uusc/Uusc_mcctl/Uusc_mcctl_tmpmem/RB_GAIA_MEM_R_166/GAIA_MEM_R_166/u0/u0/DB[44]
1.431192 -0.109972 uusc/Uusc_mcctl/Uusc_mcctl_tmpmem/U1034/A0 uusc/Uusc_mcctl/Uusc_mcctl_tmpmem/RB_GAIA_MEM_R_168/GAIA_MEM_R_168/u0/u0/DB[44]
1.574991 -0.126898 uusc/Uusc_rasmem/U959/B1 uusc/Uusc_rasmem/RB_GAIA_MEM_R_33/GAIA_MEM_R_33/u0/u0/DB[13]
1.574991 -0.087859 uusc/Uusc_rasmem/U959/B1 uusc/Uusc_rasmem/RB_GAIA_MEM_R_31/GAIA_MEM_R_31/u0/u0/DB[13]
1.393880 -0.072017 uusc/Uusc_rasmem/U949/B1 uusc/Uusc_rasmem/RB_GAIA_MEM_R_33/GAIA_MEM_R_33/u0/u0/DB[12]
1.324953 -0.040334 uusc/Uusc_rasmem/U1844/B1 uusc/Uusc_rasmem/RB_GAIA_MEM_R_43/GAIA_MEM_R_43/u0/u0/DB[3]
1.383826 -0.041999 uusc/Uusc_rasmem/U1744/B1 uusc/Uusc_rasmem/RB_GAIA_MEM_R_39/GAIA_MEM_R_39/u0/u0/DB[21]
1.366241 -0.052271 uusc/Uusc_mcctl/Uusc_mcctl_tmpmem/U312/A0 uusc/Uusc_mcctl/Uusc_mcctl_tmpmem/RB_GAIA_MEM_R_88/GAIA_MEM_R_88/u0/u0/DB[53]
1.358537 -0.045446 uusc/Uusc_mcctl/Uusc_mcctl_tmpmem/U438/A0 uusc/Uusc_mcctl/Uusc_mcctl_tmpmem/RB_GAIA_MEM_R_88/GAIA_MEM_R_88/u0/u0/DB[52]
1.309224 -0.147936 uusc/Uusc_rasmem/U1487/B1 uusc/Uusc_rasmem/RB_GAIA_MEM_R_59/GAIA_MEM_R_59/u0/u0/DB[57]
1.309224 -0.142403 uusc/Uusc_rasmem/U1487/B1 uusc/Uusc_rasmem/RB_GAIA_MEM_R_61/GAIA_MEM_R_61/u0/u0/DB[57]
1.284538 -0.117690 uusc/Uusc_rasmem/U1488/B1 uusc/Uusc_rasmem/RB_GAIA_MEM_R_59/GAIA_MEM_R_59/u0/u0/DB[56]
1.284538 -0.111732 uusc/Uusc_rasmem/U1488/B1 uusc/Uusc_rasmem/RB_GAIA_MEM_R_61/GAIA_MEM_R_61/u0/u0/DB[56]
1.265906 -0.062527 uusc/Uusc_rasmem/U2542/B1 uusc/Uusc_rasmem/RB_GAIA_MEM_R_60/GAIA_MEM_R_60/u0/u0/DB[56]
1.222477 -0.058026 uusc/Uusc_rasmem/U2925/B1 uusc/Uusc_rasmem/RB_GAIA_MEM_R_60/GAIA_MEM_R_60/u0/u0/DB[57]
1.265906 -0.057411 uusc/Uusc_rasmem/U2542/B1 uusc/Uusc_rasmem/RB_GAIA_MEM_R_62/GAIA_MEM_R_62/u0/u0/DB[56]
1.222477 -0.052988 uusc/Uusc_rasmem/U2925/B1 uusc/Uusc_rasmem/RB_GAIA_MEM_R_62/GAIA_MEM_R_62/u0/u0/DB[57]
1.149321 -0.126307 uusc/U4845/B0 uusc/Uusc_ocmif/RB_GAIA_MEM_69/GAIA_MEM_69/DB[34]
1.578972 -0.157683 uusc/Uusc_rasmem/U2597/B1 uusc/Uusc_rasmem/RB_GAIA_MEM_R_55/GAIA_MEM_R_55/u0/u0/DB[39]
1.578972 -0.135038 uusc/Uusc_rasmem/U2597/B1 uusc/Uusc_rasmem/RB_GAIA_MEM_R_57/GAIA_MEM_R_57/u0/u0/DB[39]
1.376992 -0.127382 uusc/Uusc_rasmem/U2599/B1 uusc/Uusc_rasmem/RB_GAIA_MEM_R_55/GAIA_MEM_R_55/u0/u0/DB[38]
1.376992 -0.104341 uusc/Uusc_rasmem/U2599/B1 uusc/Uusc_rasmem/RB_GAIA_MEM_R_57/GAIA_MEM_R_57/u0/u0/DB[38]
1.186554 -0.075730 uusc/U58887/A uusc/Uusc_ocmif/RB_GAIA_MEM_69/GAIA_MEM_69/DB[18]
1.194183 -0.068802 uusc/U58815/A uusc/Uusc_ocmif/RB_GAIA_MEM_69/GAIA_MEM_69/DB[19]
1.292476 -0.121350 uusc/Uusc_rasmem/U1499/B1 uusc/Uusc_rasmem/RB_GAIA_MEM_R_59/GAIA_MEM_R_59/u0/u0/DB[32]
1.292476 -0.116571 uusc/Uusc_rasmem/U1499/B1 uusc/Uusc_rasmem/RB_GAIA_MEM_R_61/GAIA_MEM_R_61/u0/u0/DB[32]
1.437280 -0.132577 uusc/Uusc_rasmem/U924/B1 uusc/Uusc_rasmem/RB_GAIA_MEM_R_55/GAIA_MEM_R_55/u0/u0/DB[24]
1.437280 -0.109919 uusc/Uusc_rasmem/U924/B1 uusc/Uusc_rasmem/RB_GAIA_MEM_R_57/GAIA_MEM_R_57/u0/u0/DB[24]
1.433984 -0.117040 uusc/Uusc_rasmem/U3030/B1 uusc/Uusc_rasmem/RB_GAIA_MEM_R_58/GAIA_MEM_R_58/u0/u0/DB[18]
1.405712 -0.104552 uusc/Uusc_rasmem/U2719/B1 uusc/Uusc_rasmem/RB_GAIA_MEM_R_58/GAIA_MEM_R_58/u0/u0/DB[19]
1.433984 -0.084002 uusc/Uusc_rasmem/U3030/B1 uusc/Uusc_rasmem/RB_GAIA_MEM_R_56/GAIA_MEM_R_56/u0/u0/DB[18]
1.405712 -0.071544 uusc/Uusc_rasmem/U2719/B1 uusc/Uusc_rasmem/RB_GAIA_MEM_R_56/GAIA_MEM_R_56/u0/u0/DB[19]
1.418851 -0.130424 uusc/Uusc_rasmem/U2967/B1 uusc/Uusc_rasmem/RB_GAIA_MEM_R_58/GAIA_MEM_R_58/u0/u0/DB[46]
1.300451 -0.113222 uusc/Uusc_rasmem/U2566/B1 uusc/Uusc_rasmem/RB_GAIA_MEM_R_58/GAIA_MEM_R_58/u0/u0/DB[47]
1.418851 -0.097052 uusc/Uusc_rasmem/U2967/B1 uusc/Uusc_rasmem/RB_GAIA_MEM_R_56/GAIA_MEM_R_56/u0/u0/DB[46]
1.300451 -0.080001 uusc/Uusc_rasmem/U2566/B1 uusc/Uusc_rasmem/RB_GAIA_MEM_R_56/GAIA_MEM_R_56/u0/u0/DB[47]
1.409552 -0.124078 uusc/Uusc_rasmem/U2927/B1 uusc/Uusc_rasmem/RB_GAIA_MEM_R_58/GAIA_MEM_R_58/u0/u0/DB[28]
1.406089 -0.115535 uusc/Uusc_rasmem/U2948/B1 uusc/Uusc_rasmem/RB_GAIA_MEM_R_58/GAIA_MEM_R_58/u0/u0/DB[29]
1.409552 -0.091122 uusc/Uusc_rasmem/U2927/B1 uusc/Uusc_rasmem/RB_GAIA_MEM_R_56/GAIA_MEM_R_56/u0/u0/DB[28]
1.406089 -0.082503 uusc/Uusc_rasmem/U2948/B1 uusc/Uusc_rasmem/RB_GAIA_MEM_R_56/GAIA_MEM_R_56/u0/u0/DB[29]
1.762291 -0.133383 uuec/uVLC/uEst/RB_GAIA_MEM_258/GAIA_MEM_258/AB[1] uuec/uVLC/uEst/RB_GAIA_MEM_258/GAIA_MEM_258/AB[1]
1.720894 -0.127280 uuec/uVLC/uEst/RB_GAIA_MEM_258/GAIA_MEM_258/AB[0] uuec/uVLC/uEst/RB_GAIA_MEM_258/GAIA_MEM_258/AB[0]
1.444899 -0.129140 uusc/Uusc_mcctl/Uusc_mcctl_tmpmem/U1556/A1N uusc/Uusc_mcctl/Uusc_mcctl_tmpmem/RB_GAIA_MEM_R_88/GAIA_MEM_R_88/u0/u0/DB[60]
1.524165 -0.126638 uusc/Uusc_mcctl/Uusc_mcctl_tmpmem/U187/A0 uusc/Uusc_mcctl/Uusc_mcctl_tmpmem/RB_GAIA_MEM_R_88/GAIA_MEM_R_88/u0/u0/DB[61]
1.136923 -0.040857 uusc/PLCOPT2234/B uusc/RB_GAIA_MEM_R_159/GAIA_MEM_R_159/u0/u0/A[3]
1.483424 -0.137648 uusc/Uusc_rasmem/U3033/B1 uusc/Uusc_rasmem/RB_GAIA_MEM_R_58/GAIA_MEM_R_58/u0/u0/DB[38]
1.469660 -0.135178 uusc/Uusc_rasmem/U3035/B1 uusc/Uusc_rasmem/RB_GAIA_MEM_R_58/GAIA_MEM_R_58/u0/u0/DB[39]
1.483424 -0.104505 uusc/Uusc_rasmem/U3033/B1 uusc/Uusc_rasmem/RB_GAIA_MEM_R_56/GAIA_MEM_R_56/u0/u0/DB[38]
1.469660 -0.102046 uusc/Uusc_rasmem/U3035/B1 uusc/Uusc_rasmem/RB_GAIA_MEM_R_56/GAIA_MEM_R_56/u0/u0/DB[39]
1.549610 -0.150993 uusc/Uusc_mcctl/Uusc_mcctl_tmpmem/U552/A0 uusc/Uusc_mcctl/Uusc_mcctl_tmpmem/RB_GAIA_MEM_R_166/GAIA_MEM_R_166/u0/u0/DB[38]
1.549610 -0.149162 uusc/Uusc_mcctl/Uusc_mcctl_tmpmem/U552/A0 uusc/Uusc_mcctl/Uusc_mcctl_tmpmem/RB_GAIA_MEM_R_168/GAIA_MEM_R_168/u0/u0/DB[38]
1.545605 -0.126644 uusc/Uusc_mcctl/Uusc_mcctl_tmpmem/U626/A0 uusc/Uusc_mcctl/Uusc_mcctl_tmpmem/RB_GAIA_MEM_R_166/GAIA_MEM_R_166/u0/u0/DB[39]
1.545605 -0.123423 uusc/Uusc_mcctl/Uusc_mcctl_tmpmem/U626/A0 uusc/Uusc_mcctl/Uusc_mcctl_tmpmem/RB_GAIA_MEM_R_168/GAIA_MEM_R_168/u0/u0/DB[39]
1.124721 -0.052859 uusc/U58913/A uusc/Uusc_ocmif/RB_GAIA_MEM_69/GAIA_MEM_69/DB[5]
1.527916 -0.044554 uuec/uVLD/uY0FIFO/RB_GAIA_MEM_22/GAIA_MEM_22_AB_0__O2LVLUO_X4M_jasons_14262/A uuec/uVLD/uY0FIFO/RB_GAIA_MEM_22/GAIA_MEM_22/AB[0]
1.310138 -0.052787 uusc/Uusc_mcctl/Uusc_mcctl_tmpmem/U2234/A uusc/Uusc_mcctl/Uusc_mcctl_tmpmem/RB_GAIA_MEM_R_165/GAIA_MEM_R_165/u0/u0/DB[28]
1.310138 -0.051369 uusc/Uusc_mcctl/Uusc_mcctl_tmpmem/U2234/A uusc/Uusc_mcctl/Uusc_mcctl_tmpmem/RB_GAIA_MEM_R_167/GAIA_MEM_R_167/u0/u0/DB[28]
1.497182 -0.120798 uusc/Uusc_rasmem/U1945/B1 uusc/Uusc_rasmem/RB_GAIA_MEM_R_33/GAIA_MEM_R_33/u0/u0/DB[40]
1.444044 -0.107986 uusc/Uusc_rasmem/U1944/B1 uusc/Uusc_rasmem/RB_GAIA_MEM_R_33/GAIA_MEM_R_33/u0/u0/DB[41]
1.497182 -0.081332 uusc/Uusc_rasmem/U1945/B1 uusc/Uusc_rasmem/RB_GAIA_MEM_R_31/GAIA_MEM_R_31/u0/u0/DB[40]
1.444044 -0.069060 uusc/Uusc_rasmem/U1944/B1 uusc/Uusc_rasmem/RB_GAIA_MEM_R_31/GAIA_MEM_R_31/u0/u0/DB[41]
1.305721 -0.056303 uodmc/Uodm_core_Uodm_ram_ary/RB_GAIA_MEM_R_350/GAIA_MEM_R_350/u0/u0/D[2] uodmc/Uodm_core_Uodm_ram_ary/RB_GAIA_MEM_R_350/GAIA_MEM_R_350/u0/u0/D[2]
1.302656 -0.054919 uodmc/Uodm_core_Uodm_ram_ary/RB_GAIA_MEM_R_380/GAIA_MEM_R_380/u0/u0_D_2__O2LVLUO_X4M_jasons_3414/A uodmc/Uodm_core_Uodm_ram_ary/RB_GAIA_MEM_R_380/GAIA_MEM_R_380/u0/u0/D[2]
1.286388 -0.049519 uodmc/Uodm_core_Uodm_ram_ary/RB_GAIA_MEM_R_350/GAIA_MEM_R_350/u0/u0/D[3] uodmc/Uodm_core_Uodm_ram_ary/RB_GAIA_MEM_R_350/GAIA_MEM_R_350/u0/u0/D[3]
1.284241 -0.048540 uodmc/Uodm_core_Uodm_ram_ary/RB_GAIA_MEM_R_380/GAIA_MEM_R_380/u0/u0_D_3__O2LVLUO_X4M_jasons_3417/A uodmc/Uodm_core_Uodm_ram_ary/RB_GAIA_MEM_R_380/GAIA_MEM_R_380/u0/u0/D[3]
1.282243 -0.042322 uodmc/Uodm_core_Uodm_ram_ary/ram_wdat_r_reg_131_130_0_Q1_ALCHIP_LS_OPT_20151211a_U0_A_O2LVLUO_X4M_jasons_48717/A uodmc/Uodm_core_Uodm_ram_ary/RB_GAIA_MEM_R_349/GAIA_MEM_R_349/u0/u0/D[2]
1.368458 -0.044084 uusc/Uusc_rasmem/U1828/B1 uusc/Uusc_rasmem/RB_GAIA_MEM_R_35/GAIA_MEM_R_35/u0/u0/DB[46]
1.316085 -0.044432 uusc/Uusc_rasmem/U1449/B1 uusc/Uusc_rasmem/RB_GAIA_MEM_R_33/GAIA_MEM_R_33/u0/u0/DB[7]
1.175584 -0.075617 uusc/U58889/A uusc/Uusc_ocmif/RB_GAIA_MEM_69/GAIA_MEM_69/DB[21]
1.162606 -0.072222 uusc/U58888/A uusc/Uusc_ocmif/RB_GAIA_MEM_69/GAIA_MEM_69/DB[20]
1.398131 -0.066454 uusc/Uusc_rasmem/U2488/B1 uusc/Uusc_rasmem/RB_GAIA_MEM_R_39/GAIA_MEM_R_39/u0/u0/DB[13]
1.398131 -0.058892 uusc/Uusc_rasmem/U2488/B1 uusc/Uusc_rasmem/RB_GAIA_MEM_R_41/GAIA_MEM_R_41/u0/u0/DB[13]
1.404955 -0.055444 uusc/Uusc_rasmem/U2682/B1 uusc/Uusc_rasmem/RB_GAIA_MEM_R_39/GAIA_MEM_R_39/u0/u0/DB[12]
1.404955 -0.047926 uusc/Uusc_rasmem/U2682/B1 uusc/Uusc_rasmem/RB_GAIA_MEM_R_41/GAIA_MEM_R_41/u0/u0/DB[12]
1.249785 -0.049774 uusc/U1718/A uusc/Uusc_ocmif/RB_GAIA_MEM_68/GAIA_MEM_68/DB[13]
1.191223 -0.055282 uusc/U1637/A uusc/Uusc_ocmif/RB_GAIA_MEM_68/GAIA_MEM_68/DB[10]
1.184426 -0.039593 uusc/U1728/A uusc/Uusc_ocmif/RB_GAIA_MEM_68/GAIA_MEM_68/DB[11]
1.088456 -0.046913 uusc/Uusc_dbf/Uusc_dbf_bcmif/RB_GAIA_MEM_43/GAIA_MEM_43/DB[8] uusc/Uusc_dbf/Uusc_dbf_bcmif/RB_GAIA_MEM_43/GAIA_MEM_43/DB[8]
1.441320 -0.188625 uusc/Uusc_rasmem/U2587/B1 uusc/Uusc_rasmem/RB_GAIA_MEM_R_55/GAIA_MEM_R_55/u0/u0/DB[53]
1.453740 -0.170515 uusc/Uusc_rasmem/U2588/B1 uusc/Uusc_rasmem/RB_GAIA_MEM_R_55/GAIA_MEM_R_55/u0/u0/DB[52]
1.453740 -0.151447 uusc/Uusc_rasmem/U2588/B1 uusc/Uusc_rasmem/RB_GAIA_MEM_R_57/GAIA_MEM_R_57/u0/u0/DB[52]
1.441320 -0.126656 uusc/Uusc_rasmem/U2587/B1 uusc/Uusc_rasmem/RB_GAIA_MEM_R_57/GAIA_MEM_R_57/u0/u0/DB[53]
1.481013 -0.127347 uusc/Uusc_rasmem/U2962/B1 uusc/Uusc_rasmem/RB_GAIA_MEM_R_58/GAIA_MEM_R_58/u0/u0/DB[56]
1.377618 -0.119633 uusc/Uusc_rasmem/U2562/B1 uusc/Uusc_rasmem/RB_GAIA_MEM_R_58/GAIA_MEM_R_58/u0/u0/DB[57]
1.481013 -0.093529 uusc/Uusc_rasmem/U2962/B1 uusc/Uusc_rasmem/RB_GAIA_MEM_R_56/GAIA_MEM_R_56/u0/u0/DB[56]
1.377618 -0.086124 uusc/Uusc_rasmem/U2562/B1 uusc/Uusc_rasmem/RB_GAIA_MEM_R_56/GAIA_MEM_R_56/u0/u0/DB[57]
1.572511 -0.116285 uusc/Uusc_mcctl/Uusc_mcctl_tmpmem/U1118/A0 uusc/Uusc_mcctl/Uusc_mcctl_tmpmem/RB_GAIA_MEM_R_166/GAIA_MEM_R_166/u0/u0/DB[62]
1.572511 -0.114184 uusc/Uusc_mcctl/Uusc_mcctl_tmpmem/U1118/A0 uusc/Uusc_mcctl/Uusc_mcctl_tmpmem/RB_GAIA_MEM_R_168/GAIA_MEM_R_168/u0/u0/DB[62]
1.617804 -0.145694 uusc/Uusc_rasmem/U2676/B1 uusc/Uusc_rasmem/RB_GAIA_MEM_R_39/GAIA_MEM_R_39/u0/u0/DB[49]
1.605003 -0.142834 uusc/Uusc_rasmem/U2677/B1 uusc/Uusc_rasmem/RB_GAIA_MEM_R_39/GAIA_MEM_R_39/u0/u0/DB[48]
1.617804 -0.136844 uusc/Uusc_rasmem/U2676/B1 uusc/Uusc_rasmem/RB_GAIA_MEM_R_41/GAIA_MEM_R_41/u0/u0/DB[49]
1.605003 -0.134196 uusc/Uusc_rasmem/U2677/B1 uusc/Uusc_rasmem/RB_GAIA_MEM_R_41/GAIA_MEM_R_41/u0/u0/DB[48]
1.434667 -0.121250 uusc/Uusc_mcctl/Uusc_mcctl_tmpmem/U2520/A1N uusc/Uusc_mcctl/Uusc_mcctl_tmpmem/RB_GAIA_MEM_R_166/GAIA_MEM_R_166/u0/u0/DB[61]
1.434667 -0.117405 uusc/Uusc_mcctl/Uusc_mcctl_tmpmem/U2520/A1N uusc/Uusc_mcctl/Uusc_mcctl_tmpmem/RB_GAIA_MEM_R_168/GAIA_MEM_R_168/u0/u0/DB[61]
1.514135 -0.073314 uuec/uVLC/uCBF/RB_GAIA_MEM_247/GAIA_MEM_247/AA[1] uuec/uVLC/uCBF/RB_GAIA_MEM_247/GAIA_MEM_247/AA[1]
1.502647 -0.072630 uuec/uVLC/uCBF/RB_GAIA_MEM_246/GAIA_MEM_246/AA[1] uuec/uVLC/uCBF/RB_GAIA_MEM_246/GAIA_MEM_246/AA[1]
1.491151 -0.070925 uuec/uVLC/uCBF/RB_GAIA_MEM_247/GAIA_MEM_247/AA[0] uuec/uVLC/uCBF/RB_GAIA_MEM_247/GAIA_MEM_247/AA[0]
1.480066 -0.070419 uuec/uVLC/uCBF/RB_GAIA_MEM_246/GAIA_MEM_246/AA[0] uuec/uVLC/uCBF/RB_GAIA_MEM_246/GAIA_MEM_246/AA[0]
1.643890 -0.166182 uusc/Uusc_rasmem/U2745/B1 uusc/Uusc_rasmem/RB_GAIA_MEM_R_39/GAIA_MEM_R_39/u0/u0/DB[57]
1.637984 -0.162050 uusc/Uusc_rasmem/U2746/B1 uusc/Uusc_rasmem/RB_GAIA_MEM_R_39/GAIA_MEM_R_39/u0/u0/DB[56]
1.643890 -0.157434 uusc/Uusc_rasmem/U2745/B1 uusc/Uusc_rasmem/RB_GAIA_MEM_R_41/GAIA_MEM_R_41/u0/u0/DB[57]
1.637984 -0.153537 uusc/Uusc_rasmem/U2746/B1 uusc/Uusc_rasmem/RB_GAIA_MEM_R_41/GAIA_MEM_R_41/u0/u0/DB[56]
1.501915 -0.117634 uusc/Uusc_rasmem/U3028/B1 uusc/Uusc_rasmem/RB_GAIA_MEM_R_58/GAIA_MEM_R_58/u0/u0/DB[15]
1.501915 -0.085023 uusc/Uusc_rasmem/U3028/B1 uusc/Uusc_rasmem/RB_GAIA_MEM_R_56/GAIA_MEM_R_56/u0/u0/DB[15]
1.461146 -0.129358 uusc/Uusc_rasmem/U1936/B1 uusc/Uusc_rasmem/RB_GAIA_MEM_R_33/GAIA_MEM_R_33/u0/u0/DB[50]
1.465057 -0.116317 uusc/Uusc_rasmem/U1935/B1 uusc/Uusc_rasmem/RB_GAIA_MEM_R_33/GAIA_MEM_R_33/u0/u0/DB[51]
1.461146 -0.089815 uusc/Uusc_rasmem/U1936/B1 uusc/Uusc_rasmem/RB_GAIA_MEM_R_31/GAIA_MEM_R_31/u0/u0/DB[50]
1.465057 -0.077217 uusc/Uusc_rasmem/U1935/B1 uusc/Uusc_rasmem/RB_GAIA_MEM_R_31/GAIA_MEM_R_31/u0/u0/DB[51]
1.226002 -0.085875 uusc/Uusc_bcmmem/U787/A1N uusc/Uusc_bcmmem/RB_GAIA_MEM_R_44/GAIA_MEM_R_44/u0/u0/DB[49]
1.226002 -0.069978 uusc/Uusc_bcmmem/U787/A1N uusc/Uusc_bcmmem/RB_GAIA_MEM_R_46/GAIA_MEM_R_46/u0/u0/DB[49]
1.055320 -0.053664 uusc/Uusc_bcmmem/U400/A0 uusc/Uusc_bcmmem/RB_GAIA_MEM_R_45/GAIA_MEM_R_45/u0/u0/DB[61]
1.055320 -0.050243 uusc/Uusc_bcmmem/U400/A0 uusc/Uusc_bcmmem/RB_GAIA_MEM_R_47/GAIA_MEM_R_47/u0/u0/DB[61]
1.412084 -0.051727 uuec/uVLD/uPrd0FIFO/RB_GAIA_MEM_12/GAIA_MEM_12/AA[1] uuec/uVLD/uPrd0FIFO/RB_GAIA_MEM_12/GAIA_MEM_12/AA[1]
1.867571 -0.055033 uuec/uP1Est/uBuf/U302/A1 uuec/uP1Est/uBuf/pckg_IN1_midfix_0_GAIA/E
1.073500 -0.041203 uusc/Uusc_bcmmem/U362/A0 uusc/Uusc_bcmmem/RB_GAIA_MEM_R_47/GAIA_MEM_R_47/u0/u0/DB[16]
1.444365 -0.100989 uusc/Uusc_mcctl/Uusc_mcctl_tmpmem/U1068/A0 uusc/Uusc_mcctl/Uusc_mcctl_tmpmem/RB_GAIA_MEM_R_166/GAIA_MEM_R_166/u0/u0/DB[43]
1.444365 -0.096400 uusc/Uusc_mcctl/Uusc_mcctl_tmpmem/U1068/A0 uusc/Uusc_mcctl/Uusc_mcctl_tmpmem/RB_GAIA_MEM_R_168/GAIA_MEM_R_168/u0/u0/DB[43]
1.499167 -0.114954 uusc/Uusc_mcctl/Uusc_mcctl_tmpmem/U988/A0 uusc/Uusc_mcctl/Uusc_mcctl_tmpmem/RB_GAIA_MEM_R_88/GAIA_MEM_R_88/u0/u0/DB[50]
1.528334 -0.170983 uusc/Uusc_rasmem/U1982/B1 uusc/Uusc_rasmem/RB_GAIA_MEM_R_55/GAIA_MEM_R_55/u0/u0/DB[48]
1.537131 -0.167014 uusc/Uusc_rasmem/U2009/B1 uusc/Uusc_rasmem/RB_GAIA_MEM_R_55/GAIA_MEM_R_55/u0/u0/DB[49]
1.528334 -0.148745 uusc/Uusc_rasmem/U1982/B1 uusc/Uusc_rasmem/RB_GAIA_MEM_R_57/GAIA_MEM_R_57/u0/u0/DB[48]
1.537131 -0.144259 uusc/Uusc_rasmem/U2009/B1 uusc/Uusc_rasmem/RB_GAIA_MEM_R_57/GAIA_MEM_R_57/u0/u0/DB[49]
1.586365 -0.146476 uusc/Uusc_rasmem/U1802/B1 uusc/Uusc_rasmem/RB_GAIA_MEM_R_35/GAIA_MEM_R_35/u0/u0/DB[52]
1.586365 -0.137954 uusc/Uusc_rasmem/U1802/B1 uusc/Uusc_rasmem/RB_GAIA_MEM_R_37/GAIA_MEM_R_37/u0/u0/DB[52]
1.531730 -0.137240 uusc/Uusc_rasmem/U1801/B1 uusc/Uusc_rasmem/RB_GAIA_MEM_R_35/GAIA_MEM_R_35/u0/u0/DB[53]
1.531730 -0.129604 uusc/Uusc_rasmem/U1801/B1 uusc/Uusc_rasmem/RB_GAIA_MEM_R_37/GAIA_MEM_R_37/u0/u0/DB[53]
1.844212 -0.148417 uuec/uVLD/uPrd1FIFO/RB_GAIA_MEM_13/GAIA_MEM_13/AA[3] uuec/uVLD/uPrd1FIFO/RB_GAIA_MEM_13/GAIA_MEM_13/AA[3]
1.684780 -0.205463 uusc/Uusc_rasmem/U1938/B1 uusc/Uusc_rasmem/RB_GAIA_MEM_R_33/GAIA_MEM_R_33/u0/u0/DB[48]
1.690874 -0.202770 uusc/Uusc_rasmem/U1937/B1 uusc/Uusc_rasmem/RB_GAIA_MEM_R_33/GAIA_MEM_R_33/u0/u0/DB[49]
1.684780 -0.166513 uusc/Uusc_rasmem/U1938/B1 uusc/Uusc_rasmem/RB_GAIA_MEM_R_31/GAIA_MEM_R_31/u0/u0/DB[48]
1.690874 -0.163559 uusc/Uusc_rasmem/U1937/B1 uusc/Uusc_rasmem/RB_GAIA_MEM_R_31/GAIA_MEM_R_31/u0/u0/DB[49]
1.509039 -0.078544 uusc/Uusc_rasmem/U1360/B1 uusc/Uusc_rasmem/RB_GAIA_MEM_R_43/GAIA_MEM_R_43/u0/u0/DB[51]
1.509039 -0.074278 uusc/Uusc_rasmem/U1360/B1 uusc/Uusc_rasmem/RB_GAIA_MEM_R_53/GAIA_MEM_R_53/u0/u0/DB[51]
1.490795 -0.157467 uusc/Uusc_rasmem/U1779/B1 uusc/Uusc_rasmem/RB_GAIA_MEM_R_55/GAIA_MEM_R_55/u0/u0/DB[47]
1.362666 -0.141801 uusc/Uusc_rasmem/U1780/B1 uusc/Uusc_rasmem/RB_GAIA_MEM_R_55/GAIA_MEM_R_55/u0/u0/DB[46]
1.490795 -0.134469 uusc/Uusc_rasmem/U1779/B1 uusc/Uusc_rasmem/RB_GAIA_MEM_R_57/GAIA_MEM_R_57/u0/u0/DB[47]
1.362666 -0.119014 uusc/Uusc_rasmem/U1780/B1 uusc/Uusc_rasmem/RB_GAIA_MEM_R_57/GAIA_MEM_R_57/u0/u0/DB[46]
1.211343 -0.061121 uusc/Uusc_rasmem/U1791/B1 uusc/Uusc_rasmem/RB_GAIA_MEM_R_55/GAIA_MEM_R_55/u0/u0/DB[14]
1.336551 -0.120657 uusc/U58797/A uusc/Uusc_ocmif/RB_GAIA_MEM_69/GAIA_MEM_69/DB[29]
1.360744 -0.110786 uusc/U58892/A uusc/Uusc_ocmif/RB_GAIA_MEM_69/GAIA_MEM_69/DB[28]
1.501209 -0.156612 uusc/Uusc_rasmem/U2561/B1 uusc/Uusc_rasmem/RB_GAIA_MEM_R_58/GAIA_MEM_R_58/u0/u0/DB[59]
1.454356 -0.134111 uusc/Uusc_rasmem/U3038/B1 uusc/Uusc_rasmem/RB_GAIA_MEM_R_58/GAIA_MEM_R_58/u0/u0/DB[58]
1.501209 -0.123411 uusc/Uusc_rasmem/U2561/B1 uusc/Uusc_rasmem/RB_GAIA_MEM_R_56/GAIA_MEM_R_56/u0/u0/DB[59]
1.454356 -0.100420 uusc/Uusc_rasmem/U3038/B1 uusc/Uusc_rasmem/RB_GAIA_MEM_R_56/GAIA_MEM_R_56/u0/u0/DB[58]
1.392130 -0.101800 uusc/U58900/A uusc/Uusc_ocmif/RB_GAIA_MEM_68/GAIA_MEM_68/DB[31]
1.494799 -0.044759 uume/Uume_core_Uume_me_core/Uume_mhq/RB_GAIA_MEM_139/GAIA_MEM_139/AB[1] uume/Uume_core_Uume_me_core/Uume_mhq/RB_GAIA_MEM_139/GAIA_MEM_139/AB[1]
1.452856 -0.145592 uusc/Uusc_mcctl/Uusc_mcctl_tmpmem/U1020/A uusc/Uusc_mcctl/Uusc_mcctl_tmpmem/RB_GAIA_MEM_R_165/GAIA_MEM_R_165/u0/u0/DB[31]
1.452856 -0.102802 uusc/Uusc_mcctl/Uusc_mcctl_tmpmem/U1020/A uusc/Uusc_mcctl/Uusc_mcctl_tmpmem/RB_GAIA_MEM_R_167/GAIA_MEM_R_167/u0/u0/DB[31]
1.344063 -0.103753 uusc/Uusc_rasmem/U1726/B1 uusc/Uusc_rasmem/RB_GAIA_MEM_R_33/GAIA_MEM_R_33/u0/u0/DB[61]
1.370077 -0.098578 uusc/Uusc_rasmem/U3022/B1 uusc/Uusc_rasmem/RB_GAIA_MEM_R_33/GAIA_MEM_R_33/u0/u0/DB[60]
1.344063 -0.064242 uusc/Uusc_rasmem/U1726/B1 uusc/Uusc_rasmem/RB_GAIA_MEM_R_31/GAIA_MEM_R_31/u0/u0/DB[61]
1.370077 -0.059095 uusc/Uusc_rasmem/U3022/B1 uusc/Uusc_rasmem/RB_GAIA_MEM_R_31/GAIA_MEM_R_31/u0/u0/DB[60]
1.253648 -0.081835 uusc/U6162/A uusc/Uusc_ocmif/RB_GAIA_MEM_68/GAIA_MEM_68/DB[19]
1.244849 -0.081077 uusc/U6158/A uusc/Uusc_ocmif/RB_GAIA_MEM_68/GAIA_MEM_68/DB[18]
1.461120 -0.116091 uusc/Uusc_rasmem/U2013/B1 uusc/Uusc_rasmem/RB_GAIA_MEM_R_58/GAIA_MEM_R_58/u0/u0/DB[17]
1.435776 -0.095778 uusc/Uusc_rasmem/U1998/B1 uusc/Uusc_rasmem/RB_GAIA_MEM_R_58/GAIA_MEM_R_58/u0/u0/DB[16]
1.461120 -0.083602 uusc/Uusc_rasmem/U2013/B1 uusc/Uusc_rasmem/RB_GAIA_MEM_R_56/GAIA_MEM_R_56/u0/u0/DB[17]
1.435776 -0.062638 uusc/Uusc_rasmem/U1998/B1 uusc/Uusc_rasmem/RB_GAIA_MEM_R_56/GAIA_MEM_R_56/u0/u0/DB[16]
1.629746 -0.171512 uusc/Uusc_rasmem/U1931/B1 uusc/Uusc_rasmem/RB_GAIA_MEM_R_33/GAIA_MEM_R_33/u0/u0/DB[58]
1.629746 -0.132443 uusc/Uusc_rasmem/U1931/B1 uusc/Uusc_rasmem/RB_GAIA_MEM_R_31/GAIA_MEM_R_31/u0/u0/DB[58]
1.366313 -0.086506 uusc/Uusc_rasmem/U1930/B1 uusc/Uusc_rasmem/RB_GAIA_MEM_R_33/GAIA_MEM_R_33/u0/u0/DB[59]
1.366313 -0.046815 uusc/Uusc_rasmem/U1930/B1 uusc/Uusc_rasmem/RB_GAIA_MEM_R_31/GAIA_MEM_R_31/u0/u0/DB[59]
1.597211 -0.137413 uusc/Uusc_rasmem/U1395/B1 uusc/Uusc_rasmem/RB_GAIA_MEM_R_43/GAIA_MEM_R_43/u0/u0/DB[52]
1.597211 -0.132816 uusc/Uusc_rasmem/U1395/B1 uusc/Uusc_rasmem/RB_GAIA_MEM_R_53/GAIA_MEM_R_53/u0/u0/DB[52]
1.428119 -0.070514 uusc/Uusc_rasmem/U1393/B1 uusc/Uusc_rasmem/RB_GAIA_MEM_R_43/GAIA_MEM_R_43/u0/u0/DB[53]
1.428119 -0.065843 uusc/Uusc_rasmem/U1393/B1 uusc/Uusc_rasmem/RB_GAIA_MEM_R_53/GAIA_MEM_R_53/u0/u0/DB[53]
1.506461 -0.145760 uusc/Uusc_rasmem/U2964/B1 uusc/Uusc_rasmem/RB_GAIA_MEM_R_58/GAIA_MEM_R_58/u0/u0/DB[55]
1.398541 -0.133853 uusc/Uusc_rasmem/U2965/B1 uusc/Uusc_rasmem/RB_GAIA_MEM_R_58/GAIA_MEM_R_58/u0/u0/DB[54]
1.506461 -0.112724 uusc/Uusc_rasmem/U2964/B1 uusc/Uusc_rasmem/RB_GAIA_MEM_R_56/GAIA_MEM_R_56/u0/u0/DB[55]
1.398541 -0.072450 uusc/Uusc_rasmem/U2965/B1 uusc/Uusc_rasmem/RB_GAIA_MEM_R_56/GAIA_MEM_R_56/u0/u0/DB[54]
1.394943 -0.136676 uusc/Uusc_rasmem/U2607/B1 uusc/Uusc_rasmem/RB_GAIA_MEM_R_55/GAIA_MEM_R_55/u0/u0/DB[26]
1.454102 -0.131721 uusc/Uusc_rasmem/U1785/B1 uusc/Uusc_rasmem/RB_GAIA_MEM_R_55/GAIA_MEM_R_55/u0/u0/DB[27]
1.394943 -0.113559 uusc/Uusc_rasmem/U2607/B1 uusc/Uusc_rasmem/RB_GAIA_MEM_R_57/GAIA_MEM_R_57/u0/u0/DB[26]
1.454102 -0.108951 uusc/Uusc_rasmem/U1785/B1 uusc/Uusc_rasmem/RB_GAIA_MEM_R_57/GAIA_MEM_R_57/u0/u0/DB[27]
1.515120 -0.161793 uusc/Uusc_mcctl/Uusc_mcctl_tmpmem/U668/A0 uusc/Uusc_mcctl/Uusc_mcctl_tmpmem/RB_GAIA_MEM_R_166/GAIA_MEM_R_166/u0/u0/DB[40]
1.604726 -0.128495 uusc/Uusc_mcctl/Uusc_mcctl_tmpmem/U203/A0 uusc/Uusc_mcctl/Uusc_mcctl_tmpmem/RB_GAIA_MEM_R_166/GAIA_MEM_R_166/u0/u0/DB[41]
1.604726 -0.124363 uusc/Uusc_mcctl/Uusc_mcctl_tmpmem/U203/A0 uusc/Uusc_mcctl/Uusc_mcctl_tmpmem/RB_GAIA_MEM_R_168/GAIA_MEM_R_168/u0/u0/DB[41]
1.515120 -0.117456 uusc/Uusc_mcctl/Uusc_mcctl_tmpmem/U668/A0 uusc/Uusc_mcctl/Uusc_mcctl_tmpmem/RB_GAIA_MEM_R_168/GAIA_MEM_R_168/u0/u0/DB[40]
1.519704 -0.114679 uusc/Uusc_mcctl/Uusc_mcctl_tmpmem/U658/A0 uusc/Uusc_mcctl/Uusc_mcctl_tmpmem/RB_GAIA_MEM_R_166/GAIA_MEM_R_166/u0/u0/DB[46]
1.516432 -0.112893 uusc/Uusc_mcctl/Uusc_mcctl_tmpmem/U1059/A0 uusc/Uusc_mcctl/Uusc_mcctl_tmpmem/RB_GAIA_MEM_R_166/GAIA_MEM_R_166/u0/u0/DB[47]
1.519704 -0.110124 uusc/Uusc_mcctl/Uusc_mcctl_tmpmem/U658/A0 uusc/Uusc_mcctl/Uusc_mcctl_tmpmem/RB_GAIA_MEM_R_168/GAIA_MEM_R_168/u0/u0/DB[46]
1.516432 -0.108777 uusc/Uusc_mcctl/Uusc_mcctl_tmpmem/U1059/A0 uusc/Uusc_mcctl/Uusc_mcctl_tmpmem/RB_GAIA_MEM_R_168/GAIA_MEM_R_168/u0/u0/DB[47]
1.319246 -0.050876 uusc/Uusc_rasmem/U1950/B1 uusc/Uusc_rasmem/RB_GAIA_MEM_R_33/GAIA_MEM_R_33/u0/u0/DB[27]
1.313001 -0.049307 uusc/Uusc_rasmem/U1951/B1 uusc/Uusc_rasmem/RB_GAIA_MEM_R_33/GAIA_MEM_R_33/u0/u0/DB[26]
1.263749 -0.042095 uusc/Uusc_rasmem/U1743/B1 uusc/Uusc_rasmem/RB_GAIA_MEM_R_33/GAIA_MEM_R_33/u0/u0/DB[28]
1.684999 -0.182415 uusc/Uusc_rasmem/PLCOPT61/B1 uusc/Uusc_rasmem/RB_GAIA_MEM_R_39/GAIA_MEM_R_39/u0/u0/DB[60]
1.657063 -0.177448 uusc/Uusc_rasmem/U1723/B1 uusc/Uusc_rasmem/RB_GAIA_MEM_R_39/GAIA_MEM_R_39/u0/u0/DB[61]
1.684999 -0.174568 uusc/Uusc_rasmem/PLCOPT61/B1 uusc/Uusc_rasmem/RB_GAIA_MEM_R_41/GAIA_MEM_R_41/u0/u0/DB[60]
1.657063 -0.168966 uusc/Uusc_rasmem/U1723/B1 uusc/Uusc_rasmem/RB_GAIA_MEM_R_41/GAIA_MEM_R_41/u0/u0/DB[61]
1.455689 -0.166633 uusc/Uusc_rasmem/U3031/B1 uusc/Uusc_rasmem/RB_GAIA_MEM_R_55/GAIA_MEM_R_55/u0/u0/DB[20]
1.534153 -0.158282 uusc/Uusc_rasmem/U1788/B1 uusc/Uusc_rasmem/RB_GAIA_MEM_R_55/GAIA_MEM_R_55/u0/u0/DB[21]
1.455689 -0.143482 uusc/Uusc_rasmem/U3031/B1 uusc/Uusc_rasmem/RB_GAIA_MEM_R_57/GAIA_MEM_R_57/u0/u0/DB[20]
1.534153 -0.135755 uusc/Uusc_rasmem/U1788/B1 uusc/Uusc_rasmem/RB_GAIA_MEM_R_57/GAIA_MEM_R_57/u0/u0/DB[21]
1.611924 -0.150612 uusc/Uusc_rasmem/U1597/B1 uusc/Uusc_rasmem/RB_GAIA_MEM_R_39/GAIA_MEM_R_39/u0/u0/DB[32]
1.611924 -0.141641 uusc/Uusc_rasmem/U1597/B1 uusc/Uusc_rasmem/RB_GAIA_MEM_R_41/GAIA_MEM_R_41/u0/u0/DB[32]
1.560396 -0.135194 uusc/Uusc_rasmem/U3016/B1 uusc/Uusc_rasmem/RB_GAIA_MEM_R_39/GAIA_MEM_R_39/u0/u0/DB[33]
1.560396 -0.126672 uusc/Uusc_rasmem/U3016/B1 uusc/Uusc_rasmem/RB_GAIA_MEM_R_41/GAIA_MEM_R_41/u0/u0/DB[33]
1.498335 -0.092558 uusc/Uusc_umeif/RB_GAIA_MEM_148/GAIA_MEM_148/DB[0] uusc/Uusc_umeif/RB_GAIA_MEM_148/GAIA_MEM_148/DB[0]
1.798315 -0.139594 uusc/Uusc_umeif/RB_GAIA_MEM_147/GAIA_MEM_147/AA[1] uusc/Uusc_umeif/RB_GAIA_MEM_147/GAIA_MEM_147/AA[1]
1.387880 -0.052454 uusc/Uusc_rasmem/U2487/B1 uusc/Uusc_rasmem/RB_GAIA_MEM_R_39/GAIA_MEM_R_39/u0/u0/DB[5]
1.380696 -0.046293 uusc/Uusc_rasmem/PLCOPT554/B1 uusc/Uusc_rasmem/RB_GAIA_MEM_R_39/GAIA_MEM_R_39/u0/u0/DB[4]
1.387880 -0.044813 uusc/Uusc_rasmem/U2487/B1 uusc/Uusc_rasmem/RB_GAIA_MEM_R_41/GAIA_MEM_R_41/u0/u0/DB[5]
1.516506 -0.159190 uusc/Uusc_rasmem/U2975/B1 uusc/Uusc_rasmem/RB_GAIA_MEM_R_58/GAIA_MEM_R_58/u0/u0/DB[34]
1.491343 -0.154361 uusc/Uusc_rasmem/U3032/B1 uusc/Uusc_rasmem/RB_GAIA_MEM_R_58/GAIA_MEM_R_58/u0/u0/DB[35]
1.516506 -0.126001 uusc/Uusc_rasmem/U2975/B1 uusc/Uusc_rasmem/RB_GAIA_MEM_R_56/GAIA_MEM_R_56/u0/u0/DB[34]
1.491343 -0.121260 uusc/Uusc_rasmem/U3032/B1 uusc/Uusc_rasmem/RB_GAIA_MEM_R_56/GAIA_MEM_R_56/u0/u0/DB[35]
1.573601 -0.175018 uusc/Uusc_rasmem/U2606/B1 uusc/Uusc_rasmem/RB_GAIA_MEM_R_55/GAIA_MEM_R_55/u0/u0/DB[2]
1.526618 -0.160484 uusc/Uusc_rasmem/U1231/A0 uusc/Uusc_rasmem/RB_GAIA_MEM_R_55/GAIA_MEM_R_55/u0/u0/DB[3]
1.573601 -0.151846 uusc/Uusc_rasmem/U2606/B1 uusc/Uusc_rasmem/RB_GAIA_MEM_R_57/GAIA_MEM_R_57/u0/u0/DB[2]
1.526618 -0.137527 uusc/Uusc_rasmem/U1231/A0 uusc/Uusc_rasmem/RB_GAIA_MEM_R_57/GAIA_MEM_R_57/u0/u0/DB[3]
1.559953 -0.151484 uusc/Uusc_rasmem/U2741/B1 uusc/Uusc_rasmem/RB_GAIA_MEM_R_39/GAIA_MEM_R_39/u0/u0/DB[58]
1.575700 -0.149153 uusc/Uusc_rasmem/U1589/B1 uusc/Uusc_rasmem/RB_GAIA_MEM_R_39/GAIA_MEM_R_39/u0/u0/DB[59]
1.559953 -0.146608 uusc/Uusc_rasmem/U2741/B1 uusc/Uusc_rasmem/RB_GAIA_MEM_R_41/GAIA_MEM_R_41/u0/u0/DB[58]
1.575700 -0.143826 uusc/Uusc_rasmem/U1589/B1 uusc/Uusc_rasmem/RB_GAIA_MEM_R_41/GAIA_MEM_R_41/u0/u0/DB[59]
1.528870 -0.143817 uusc/Uusc_mcctl/Uusc_mcctl_tmpmem/U204/A0 uusc/Uusc_mcctl/Uusc_mcctl_tmpmem/RB_GAIA_MEM_R_166/GAIA_MEM_R_166/u0/u0/DB[48]
1.528870 -0.142430 uusc/Uusc_mcctl/Uusc_mcctl_tmpmem/U204/A0 uusc/Uusc_mcctl/Uusc_mcctl_tmpmem/RB_GAIA_MEM_R_168/GAIA_MEM_R_168/u0/u0/DB[48]
1.408070 -0.099246 uusc/Uusc_mcctl/Uusc_mcctl_tmpmem/U629/A0 uusc/Uusc_mcctl/Uusc_mcctl_tmpmem/RB_GAIA_MEM_R_166/GAIA_MEM_R_166/u0/u0/DB[49]
1.408070 -0.094717 uusc/Uusc_mcctl/Uusc_mcctl_tmpmem/U629/A0 uusc/Uusc_mcctl/Uusc_mcctl_tmpmem/RB_GAIA_MEM_R_168/GAIA_MEM_R_168/u0/u0/DB[49]
1.477813 -0.155220 uusc/Uusc_rasmem/U2980/B1 uusc/Uusc_rasmem/RB_GAIA_MEM_R_55/GAIA_MEM_R_55/u0/u0/DB[34]
1.384770 -0.139499 uusc/Uusc_rasmem/U2700/B1 uusc/Uusc_rasmem/RB_GAIA_MEM_R_55/GAIA_MEM_R_55/u0/u0/DB[35]
1.477813 -0.132339 uusc/Uusc_rasmem/U2980/B1 uusc/Uusc_rasmem/RB_GAIA_MEM_R_57/GAIA_MEM_R_57/u0/u0/DB[34]
1.384770 -0.117059 uusc/Uusc_rasmem/U2700/B1 uusc/Uusc_rasmem/RB_GAIA_MEM_R_57/GAIA_MEM_R_57/u0/u0/DB[35]
1.388897 -0.042092 uodmc/Uodm_core_Uodm_ram_ary/RB_GAIA_MEM_R_372/GAIA_MEM_R_372/u0/u0_D_2__O2LVLUO_X4M_jasons_1855/A uodmc/Uodm_core_Uodm_ram_ary/RB_GAIA_MEM_R_372/GAIA_MEM_R_372/u0/u0/D[2]
1.506734 -0.085991 uusc/Uusc_umeif/RB_GAIA_MEM_147/GAIA_MEM_147/AA[0] uusc/Uusc_umeif/RB_GAIA_MEM_147/GAIA_MEM_147/AA[0]
1.453170 -0.067181 uusc/Uusc_umeif/RB_GAIA_MEM_145/GAIA_MEM_145/AA[0] uusc/Uusc_umeif/RB_GAIA_MEM_145/GAIA_MEM_145/AA[0]
1.450265 -0.060467 uusc/Uusc_umeif/RB_GAIA_MEM_146/GAIA_MEM_146/AA[0] uusc/Uusc_umeif/RB_GAIA_MEM_146/GAIA_MEM_146/AA[0]
1.429601 -0.048086 uusc/Uusc_umeif/RB_GAIA_MEM_144/GAIA_MEM_144/AA[0] uusc/Uusc_umeif/RB_GAIA_MEM_144/GAIA_MEM_144/AA[0]
1.423179 -0.043544 uusc/Uusc_umeif/RB_GAIA_MEM_142/GAIA_MEM_142/AA[0] uusc/Uusc_umeif/RB_GAIA_MEM_142/GAIA_MEM_142/AA[0]
1.221813 -0.120511 uusc/Uusc_rasmem/U1411/B1 uusc/Uusc_rasmem/RB_GAIA_MEM_R_61/GAIA_MEM_R_61/u0/u0/DB[60]
1.221813 -0.087463 uusc/Uusc_rasmem/U1411/B1 uusc/Uusc_rasmem/RB_GAIA_MEM_R_59/GAIA_MEM_R_59/u0/u0/DB[60]
1.365318 -0.140090 uusc/Uusc_rasmem/PLCOPT590/B1 uusc/Uusc_rasmem/RB_GAIA_MEM_R_55/GAIA_MEM_R_55/u0/u0/DB[57]
1.365318 -0.117324 uusc/Uusc_rasmem/PLCOPT590/B1 uusc/Uusc_rasmem/RB_GAIA_MEM_R_57/GAIA_MEM_R_57/u0/u0/DB[57]
1.204524 -0.052195 uusc/Uusc_rasmem/U2584/B1 uusc/Uusc_rasmem/RB_GAIA_MEM_R_55/GAIA_MEM_R_55/u0/u0/DB[56]
1.502618 -0.123570 uusc/Uusc_mcctl/Uusc_mcctl_tmpmem/U686/A0 uusc/Uusc_mcctl/Uusc_mcctl_tmpmem/RB_GAIA_MEM_R_88/GAIA_MEM_R_88/u0/u0/DB[62]
1.483081 -0.112198 uusc/Uusc_mcctl/Uusc_mcctl_tmpmem/U244/A0 uusc/Uusc_mcctl/Uusc_mcctl_tmpmem/RB_GAIA_MEM_R_88/GAIA_MEM_R_88/u0/u0/DB[63]
1.456637 -0.090342 uusc/Uusc_dbf/Uusc_dbf_refmif/U3747/A uusc/Uusc_dbf/Uusc_dbf_refmif/RB_GAIA_MEM_27/GAIA_MEM_27/DB[21]
1.219036 -0.056882 uusc/Uusc_rasmem/U1501/B1 uusc/Uusc_rasmem/RB_GAIA_MEM_R_59/GAIA_MEM_R_59/u0/u0/DB[0]
1.219036 -0.053185 uusc/Uusc_rasmem/U1501/B1 uusc/Uusc_rasmem/RB_GAIA_MEM_R_61/GAIA_MEM_R_61/u0/u0/DB[0]
1.352818 -0.084922 uusc/Uusc_rasmem/U1740/B1 uusc/Uusc_rasmem/RB_GAIA_MEM_R_39/GAIA_MEM_R_39/u0/u0/DB[28]
1.352818 -0.077925 uusc/Uusc_rasmem/U1740/B1 uusc/Uusc_rasmem/RB_GAIA_MEM_R_41/GAIA_MEM_R_41/u0/u0/DB[28]
1.430004 -0.069420 uusc/Uusc_rasmem/U2907/B1 uusc/Uusc_rasmem/RB_GAIA_MEM_R_39/GAIA_MEM_R_39/u0/u0/DB[29]
1.430004 -0.062272 uusc/Uusc_rasmem/U2907/B1 uusc/Uusc_rasmem/RB_GAIA_MEM_R_41/GAIA_MEM_R_41/u0/u0/DB[29]
1.503413 -0.164490 uusc/Uusc_rasmem/U2589/B1 uusc/Uusc_rasmem/RB_GAIA_MEM_R_55/GAIA_MEM_R_55/u0/u0/DB[51]
1.485350 -0.156083 uusc/Uusc_rasmem/U2590/B1 uusc/Uusc_rasmem/RB_GAIA_MEM_R_55/GAIA_MEM_R_55/u0/u0/DB[50]
1.503413 -0.141889 uusc/Uusc_rasmem/U2589/B1 uusc/Uusc_rasmem/RB_GAIA_MEM_R_57/GAIA_MEM_R_57/u0/u0/DB[51]
1.485350 -0.133423 uusc/Uusc_rasmem/U2590/B1 uusc/Uusc_rasmem/RB_GAIA_MEM_R_57/GAIA_MEM_R_57/u0/u0/DB[50]
1.397775 -0.101617 uusc/Uusc_rasmem/U1774/B1 uusc/Uusc_rasmem/RB_GAIA_MEM_R_58/GAIA_MEM_R_58/u0/u0/DB[6]
1.411147 -0.097294 uusc/Uusc_rasmem/U2558/B1 uusc/Uusc_rasmem/RB_GAIA_MEM_R_58/GAIA_MEM_R_58/u0/u0/DB[7]
1.397775 -0.068483 uusc/Uusc_rasmem/U1774/B1 uusc/Uusc_rasmem/RB_GAIA_MEM_R_56/GAIA_MEM_R_56/u0/u0/DB[6]
1.411147 -0.064474 uusc/Uusc_rasmem/U2558/B1 uusc/Uusc_rasmem/RB_GAIA_MEM_R_56/GAIA_MEM_R_56/u0/u0/DB[7]
1.532751 -0.147329 uusc/Uusc_rasmem/U2007/B1 uusc/Uusc_rasmem/RB_GAIA_MEM_R_55/GAIA_MEM_R_55/u0/u0/DB[9]
1.550076 -0.147173 uusc/Uusc_rasmem/U1979/B1 uusc/Uusc_rasmem/RB_GAIA_MEM_R_55/GAIA_MEM_R_55/u0/u0/DB[8]
1.532751 -0.124494 uusc/Uusc_rasmem/U2007/B1 uusc/Uusc_rasmem/RB_GAIA_MEM_R_57/GAIA_MEM_R_57/u0/u0/DB[9]
1.550076 -0.124317 uusc/Uusc_rasmem/U1979/B1 uusc/Uusc_rasmem/RB_GAIA_MEM_R_57/GAIA_MEM_R_57/u0/u0/DB[8]
1.331965 -0.135274 uusc/U47133/B uusc/RB_GAIA_MEM_173/GAIA_MEM_173/WEN[84]
1.331965 -0.135270 uusc/U47133/B uusc/RB_GAIA_MEM_173/GAIA_MEM_173/WEN[83]
1.331965 -0.135268 uusc/U47133/B uusc/RB_GAIA_MEM_173/GAIA_MEM_173/WEN[85]
1.331965 -0.135265 uusc/U47133/B uusc/RB_GAIA_MEM_173/GAIA_MEM_173/WEN[86]
1.331965 -0.135252 uusc/U47133/B uusc/RB_GAIA_MEM_173/GAIA_MEM_173/WEN[87]
1.331965 -0.135234 uusc/U47133/B uusc/RB_GAIA_MEM_173/GAIA_MEM_173/WEN[82]
1.331965 -0.135225 uusc/U47133/B uusc/RB_GAIA_MEM_173/GAIA_MEM_173/WEN[81]
1.331965 -0.135199 uusc/U47133/B uusc/RB_GAIA_MEM_173/GAIA_MEM_173/WEN[80]
1.328825 -0.116570 uusc/U47134/B uusc/RB_GAIA_MEM_173/GAIA_MEM_173/WEN[91]
1.328825 -0.116551 uusc/U47134/B uusc/RB_GAIA_MEM_173/GAIA_MEM_173/WEN[92]
1.328825 -0.116541 uusc/U47134/B uusc/RB_GAIA_MEM_173/GAIA_MEM_173/WEN[90]
1.328825 -0.116537 uusc/U47134/B uusc/RB_GAIA_MEM_173/GAIA_MEM_173/WEN[89]
1.328825 -0.116515 uusc/U47134/B uusc/RB_GAIA_MEM_173/GAIA_MEM_173/WEN[88]
1.328825 -0.116497 uusc/U47134/B uusc/RB_GAIA_MEM_173/GAIA_MEM_173/WEN[93]
1.328825 -0.116489 uusc/U47134/B uusc/RB_GAIA_MEM_173/GAIA_MEM_173/WEN[94]
1.328825 -0.116478 uusc/U47134/B uusc/RB_GAIA_MEM_173/GAIA_MEM_173/WEN[95]
1.316203 -0.115090 uusc/U46629/B uusc/RB_GAIA_MEM_170/GAIA_MEM_170/WEN[82]
1.316203 -0.115086 uusc/U46629/B uusc/RB_GAIA_MEM_170/GAIA_MEM_170/WEN[81]
1.316203 -0.115075 uusc/U46629/B uusc/RB_GAIA_MEM_170/GAIA_MEM_170/WEN[83]
1.316203 -0.115070 uusc/U46629/B uusc/RB_GAIA_MEM_170/GAIA_MEM_170/WEN[80]
1.316203 -0.115067 uusc/U46629/B uusc/RB_GAIA_MEM_170/GAIA_MEM_170/WEN[84]
1.316203 -0.115006 uusc/U46629/B uusc/RB_GAIA_MEM_170/GAIA_MEM_170/WEN[85]
1.316203 -0.115002 uusc/U46629/B uusc/RB_GAIA_MEM_170/GAIA_MEM_170/WEN[86]
1.316203 -0.114990 uusc/U46629/B uusc/RB_GAIA_MEM_170/GAIA_MEM_170/WEN[87]
1.352096 -0.114939 uusc/U47129/B uusc/RB_GAIA_MEM_173/GAIA_MEM_173/WEN[49]
1.352096 -0.114929 uusc/U47129/B uusc/RB_GAIA_MEM_173/GAIA_MEM_173/WEN[50]
1.352096 -0.114926 uusc/U47129/B uusc/RB_GAIA_MEM_173/GAIA_MEM_173/WEN[48]
1.352096 -0.114852 uusc/U47129/B uusc/RB_GAIA_MEM_173/GAIA_MEM_173/WEN[52]
1.352096 -0.114850 uusc/U47129/B uusc/RB_GAIA_MEM_173/GAIA_MEM_173/WEN[51]
1.352096 -0.114790 uusc/U47129/B uusc/RB_GAIA_MEM_173/GAIA_MEM_173/WEN[53]
1.352096 -0.114787 uusc/U47129/B uusc/RB_GAIA_MEM_173/GAIA_MEM_173/WEN[54]
1.352096 -0.114768 uusc/U47129/B uusc/RB_GAIA_MEM_173/GAIA_MEM_173/WEN[55]
1.194866 -0.101295 uusc/U47125/B uusc/RB_GAIA_MEM_173/GAIA_MEM_173/WEN[17]
1.194866 -0.101286 uusc/U47125/B uusc/RB_GAIA_MEM_173/GAIA_MEM_173/WEN[16]
1.194866 -0.101272 uusc/U47125/B uusc/RB_GAIA_MEM_173/GAIA_MEM_173/WEN[18]
1.194866 -0.101201 uusc/U47125/B uusc/RB_GAIA_MEM_173/GAIA_MEM_173/WEN[20]
1.194866 -0.101191 uusc/U47125/B uusc/RB_GAIA_MEM_173/GAIA_MEM_173/WEN[19]
1.194866 -0.101118 uusc/U47125/B uusc/RB_GAIA_MEM_173/GAIA_MEM_173/WEN[21]
1.194866 -0.101113 uusc/U47125/B uusc/RB_GAIA_MEM_173/GAIA_MEM_173/WEN[22]
1.194866 -0.101090 uusc/U47125/B uusc/RB_GAIA_MEM_173/GAIA_MEM_173/WEN[23]
1.294204 -0.099557 uusc/U46630/B uusc/RB_GAIA_MEM_170/GAIA_MEM_170/WEN[90]
1.294204 -0.099552 uusc/U46630/B uusc/RB_GAIA_MEM_170/GAIA_MEM_170/WEN[91]
1.294204 -0.099551 uusc/U46630/B uusc/RB_GAIA_MEM_170/GAIA_MEM_170/WEN[89]
1.294204 -0.099543 uusc/U46630/B uusc/RB_GAIA_MEM_170/GAIA_MEM_170/WEN[92]
1.294204 -0.099535 uusc/U46630/B uusc/RB_GAIA_MEM_170/GAIA_MEM_170/WEN[88]
1.294204 -0.099482 uusc/U46630/B uusc/RB_GAIA_MEM_170/GAIA_MEM_170/WEN[93]
1.294204 -0.099476 uusc/U46630/B uusc/RB_GAIA_MEM_170/GAIA_MEM_170/WEN[94]
1.294204 -0.099457 uusc/U46630/B uusc/RB_GAIA_MEM_170/GAIA_MEM_170/WEN[95]
1.288784 -0.091094 uusc/U46621/B uusc/RB_GAIA_MEM_170/GAIA_MEM_170/WEN[19]
1.288784 -0.091075 uusc/U46621/B uusc/RB_GAIA_MEM_170/GAIA_MEM_170/WEN[20]
1.288784 -0.091029 uusc/U46621/B uusc/RB_GAIA_MEM_170/GAIA_MEM_170/WEN[18]
1.288784 -0.091016 uusc/U46621/B uusc/RB_GAIA_MEM_170/GAIA_MEM_170/WEN[17]
1.288784 -0.091014 uusc/U46621/B uusc/RB_GAIA_MEM_170/GAIA_MEM_170/WEN[21]
1.288784 -0.091010 uusc/U46621/B uusc/RB_GAIA_MEM_170/GAIA_MEM_170/WEN[22]
1.288784 -0.091003 uusc/U46621/B uusc/RB_GAIA_MEM_170/GAIA_MEM_170/WEN[16]
1.288784 -0.090997 uusc/U46621/B uusc/RB_GAIA_MEM_170/GAIA_MEM_170/WEN[23]
1.274004 -0.090480 uusc/U46626/B uusc/RB_GAIA_MEM_170/GAIA_MEM_170/WEN[60]
1.274004 -0.090463 uusc/U46626/B uusc/RB_GAIA_MEM_170/GAIA_MEM_170/WEN[59]
1.274004 -0.090433 uusc/U46626/B uusc/RB_GAIA_MEM_170/GAIA_MEM_170/WEN[61]
1.274004 -0.090433 uusc/U46626/B uusc/RB_GAIA_MEM_170/GAIA_MEM_170/WEN[62]
1.274004 -0.090427 uusc/U46626/B uusc/RB_GAIA_MEM_170/GAIA_MEM_170/WEN[58]
1.274004 -0.090423 uusc/U46626/B uusc/RB_GAIA_MEM_170/GAIA_MEM_170/WEN[63]
1.274004 -0.090423 uusc/U46626/B uusc/RB_GAIA_MEM_170/GAIA_MEM_170/WEN[57]
1.274004 -0.090402 uusc/U46626/B uusc/RB_GAIA_MEM_170/GAIA_MEM_170/WEN[56]
1.246899 -0.084368 uusc/U47130/B uusc/RB_GAIA_MEM_173/GAIA_MEM_173/WEN[58]
1.246899 -0.084363 uusc/U47130/B uusc/RB_GAIA_MEM_173/GAIA_MEM_173/WEN[57]
1.246899 -0.084346 uusc/U47130/B uusc/RB_GAIA_MEM_173/GAIA_MEM_173/WEN[56]
1.246899 -0.084274 uusc/U47130/B uusc/RB_GAIA_MEM_173/GAIA_MEM_173/WEN[59]
1.246899 -0.084271 uusc/U47130/B uusc/RB_GAIA_MEM_173/GAIA_MEM_173/WEN[60]
1.246899 -0.084214 uusc/U47130/B uusc/RB_GAIA_MEM_173/GAIA_MEM_173/WEN[61]
1.246899 -0.084212 uusc/U47130/B uusc/RB_GAIA_MEM_173/GAIA_MEM_173/WEN[62]
1.246899 -0.084196 uusc/U47130/B uusc/RB_GAIA_MEM_173/GAIA_MEM_173/WEN[63]
1.055809 -0.051987 uusc/PLCOPT282/B uusc/RB_GAIA_MEM_170/GAIA_MEM_170/WEN[51]
1.055809 -0.051979 uusc/PLCOPT282/B uusc/RB_GAIA_MEM_170/GAIA_MEM_170/WEN[52]
1.055809 -0.051933 uusc/PLCOPT282/B uusc/RB_GAIA_MEM_170/GAIA_MEM_170/WEN[49]
1.055809 -0.051932 uusc/PLCOPT282/B uusc/RB_GAIA_MEM_170/GAIA_MEM_170/WEN[53]
1.055809 -0.051932 uusc/PLCOPT282/B uusc/RB_GAIA_MEM_170/GAIA_MEM_170/WEN[54]
1.055809 -0.051922 uusc/PLCOPT282/B uusc/RB_GAIA_MEM_170/GAIA_MEM_170/WEN[50]
1.055809 -0.051917 uusc/PLCOPT282/B uusc/RB_GAIA_MEM_170/GAIA_MEM_170/WEN[55]
1.055809 -0.051904 uusc/PLCOPT282/B uusc/RB_GAIA_MEM_170/GAIA_MEM_170/WEN[48]
1.160088 -0.051441 uusc/U46622/B uusc/RB_GAIA_MEM_170/GAIA_MEM_170/WEN[28]
1.160088 -0.051426 uusc/U46622/B uusc/RB_GAIA_MEM_170/GAIA_MEM_170/WEN[27]
1.160088 -0.051397 uusc/U46622/B uusc/RB_GAIA_MEM_170/GAIA_MEM_170/WEN[26]
1.160088 -0.051396 uusc/U46622/B uusc/RB_GAIA_MEM_170/GAIA_MEM_170/WEN[25]
1.160088 -0.051385 uusc/U46622/B uusc/RB_GAIA_MEM_170/GAIA_MEM_170/WEN[24]
1.160088 -0.051368 uusc/U46622/B uusc/RB_GAIA_MEM_170/GAIA_MEM_170/WEN[29]
1.160088 -0.051363 uusc/U46622/B uusc/RB_GAIA_MEM_170/GAIA_MEM_170/WEN[30]
1.160088 -0.051345 uusc/U46622/B uusc/RB_GAIA_MEM_170/GAIA_MEM_170/WEN[31]
1.575262 -0.161819 uusc/Uusc_mcctl/Uusc_mcctl_tmpmem/U504/A0 uusc/Uusc_mcctl/Uusc_mcctl_tmpmem/RB_GAIA_MEM_R_166/GAIA_MEM_R_166/u0/u0/DB[26]
1.575262 -0.141420 uusc/Uusc_mcctl/Uusc_mcctl_tmpmem/U504/A0 uusc/Uusc_mcctl/Uusc_mcctl_tmpmem/RB_GAIA_MEM_R_168/GAIA_MEM_R_168/u0/u0/DB[26]
1.442086 -0.099943 uusc/Uusc_mcctl/Uusc_mcctl_tmpmem/U2466/A uusc/Uusc_mcctl/Uusc_mcctl_tmpmem/RB_GAIA_MEM_R_166/GAIA_MEM_R_166/u0/u0/DB[27]
1.442086 -0.095448 uusc/Uusc_mcctl/Uusc_mcctl_tmpmem/U2466/A uusc/Uusc_mcctl/Uusc_mcctl_tmpmem/RB_GAIA_MEM_R_168/GAIA_MEM_R_168/u0/u0/DB[27]
1.510713 -0.159844 uusc/Uusc_rasmem/U2973/B1 uusc/Uusc_rasmem/RB_GAIA_MEM_R_58/GAIA_MEM_R_58/u0/u0/DB[36]
1.512681 -0.152836 uusc/Uusc_rasmem/U2972/B1 uusc/Uusc_rasmem/RB_GAIA_MEM_R_58/GAIA_MEM_R_58/u0/u0/DB[37]
1.510713 -0.126738 uusc/Uusc_rasmem/U2973/B1 uusc/Uusc_rasmem/RB_GAIA_MEM_R_56/GAIA_MEM_R_56/u0/u0/DB[36]
1.512681 -0.119253 uusc/Uusc_rasmem/U2972/B1 uusc/Uusc_rasmem/RB_GAIA_MEM_R_56/GAIA_MEM_R_56/u0/u0/DB[37]
1.555793 -0.166799 uusc/Uusc_rasmem/U2954/B1 uusc/Uusc_rasmem/RB_GAIA_MEM_R_55/GAIA_MEM_R_55/u0/u0/DB[18]
1.485036 -0.164318 uusc/Uusc_rasmem/U1789/B1 uusc/Uusc_rasmem/RB_GAIA_MEM_R_55/GAIA_MEM_R_55/u0/u0/DB[19]
1.555793 -0.143894 uusc/Uusc_rasmem/U2954/B1 uusc/Uusc_rasmem/RB_GAIA_MEM_R_57/GAIA_MEM_R_57/u0/u0/DB[18]
1.485036 -0.141389 uusc/Uusc_rasmem/U1789/B1 uusc/Uusc_rasmem/RB_GAIA_MEM_R_57/GAIA_MEM_R_57/u0/u0/DB[19]
1.482063 -0.154288 uusc/Uusc_rasmem/U1781/B1 uusc/Uusc_rasmem/RB_GAIA_MEM_R_55/GAIA_MEM_R_55/u0/u0/DB[43]
1.469798 -0.149698 uusc/Uusc_rasmem/U2595/B1 uusc/Uusc_rasmem/RB_GAIA_MEM_R_55/GAIA_MEM_R_55/u0/u0/DB[42]
1.482063 -0.131570 uusc/Uusc_rasmem/U1781/B1 uusc/Uusc_rasmem/RB_GAIA_MEM_R_57/GAIA_MEM_R_57/u0/u0/DB[43]
1.469798 -0.127248 uusc/Uusc_rasmem/U2595/B1 uusc/Uusc_rasmem/RB_GAIA_MEM_R_57/GAIA_MEM_R_57/u0/u0/DB[42]
1.434667 -0.134739 uusc/U12535/A uusc/Uusc_ocmif/RB_GAIA_MEM_69/GAIA_MEM_69/DB[23]
1.390712 -0.124935 uusc/U58890/A uusc/Uusc_ocmif/RB_GAIA_MEM_69/GAIA_MEM_69/DB[22]
1.296610 -0.117136 uusc/U6183/A uusc/Uusc_ocmif/RB_GAIA_MEM_68/GAIA_MEM_68/DB[26]
1.266738 -0.068747 uusc/Uusc_mdmem/U1257/A1 uusc/Uusc_mdmem/RB_GAIA_MEM_179/GAIA_MEM_179/D[19]
1.122659 -0.109872 uusc/Uusc_rasmem/U1463/B1 uusc/Uusc_rasmem/RB_GAIA_MEM_R_61/GAIA_MEM_R_61/u0/u0/DB[23]
1.122659 -0.066009 uusc/Uusc_rasmem/U1463/B1 uusc/Uusc_rasmem/RB_GAIA_MEM_R_59/GAIA_MEM_R_59/u0/u0/DB[23]
1.402439 -0.114091 uusc/Uusc_rasmem/U3020/B1 uusc/Uusc_rasmem/RB_GAIA_MEM_R_55/GAIA_MEM_R_55/u0/u0/DB[7]
1.402439 -0.091197 uusc/Uusc_rasmem/U3020/B1 uusc/Uusc_rasmem/RB_GAIA_MEM_R_57/GAIA_MEM_R_57/u0/u0/DB[7]
1.325603 -0.064580 uusc/Uusc_rasmem/U2577/B1 uusc/Uusc_rasmem/RB_GAIA_MEM_R_55/GAIA_MEM_R_55/u0/u0/DB[6]
1.325603 -0.041818 uusc/Uusc_rasmem/U2577/B1 uusc/Uusc_rasmem/RB_GAIA_MEM_R_57/GAIA_MEM_R_57/u0/u0/DB[6]
1.132875 -0.045326 uusc/Uusc_rasmem/U1432/B1 uusc/Uusc_rasmem/RB_GAIA_MEM_R_59/GAIA_MEM_R_59/u0/u0/DB[43]
1.132875 -0.040473 uusc/Uusc_rasmem/U1432/B1 uusc/Uusc_rasmem/RB_GAIA_MEM_R_61/GAIA_MEM_R_61/u0/u0/DB[43]
1.489300 -0.100574 uusc/Uusc_rasmem/U998/B1 uusc/Uusc_rasmem/RB_GAIA_MEM_R_33/GAIA_MEM_R_33/u0/u0/DB[9]
1.489300 -0.061872 uusc/Uusc_rasmem/U998/B1 uusc/Uusc_rasmem/RB_GAIA_MEM_R_31/GAIA_MEM_R_31/u0/u0/DB[9]
1.406547 -0.059789 uusc/Uusc_rasmem/U942/B1 uusc/Uusc_rasmem/RB_GAIA_MEM_R_33/GAIA_MEM_R_33/u0/u0/DB[31]
1.323292 -0.050989 uusc/Uusc_rasmem/U2695/B1 uusc/Uusc_rasmem/RB_GAIA_MEM_R_33/GAIA_MEM_R_33/u0/u0/DB[30]
1.594447 -0.154274 uusc/Uusc_rasmem/U2672/B1 uusc/Uusc_rasmem/RB_GAIA_MEM_R_39/GAIA_MEM_R_39/u0/u0/DB[50]
1.612923 -0.151847 uusc/Uusc_rasmem/U2671/B1 uusc/Uusc_rasmem/RB_GAIA_MEM_R_39/GAIA_MEM_R_39/u0/u0/DB[51]
1.594447 -0.148239 uusc/Uusc_rasmem/U2672/B1 uusc/Uusc_rasmem/RB_GAIA_MEM_R_41/GAIA_MEM_R_41/u0/u0/DB[50]
1.612923 -0.145912 uusc/Uusc_rasmem/U2671/B1 uusc/Uusc_rasmem/RB_GAIA_MEM_R_41/GAIA_MEM_R_41/u0/u0/DB[51]
1.572754 -0.194074 uusc/Uusc_rasmem/U2981/B1 uusc/Uusc_rasmem/RB_GAIA_MEM_R_55/GAIA_MEM_R_55/u0/u0/DB[29]
1.587929 -0.186400 uusc/Uusc_rasmem/U1784/B1 uusc/Uusc_rasmem/RB_GAIA_MEM_R_55/GAIA_MEM_R_55/u0/u0/DB[28]
1.572754 -0.171343 uusc/Uusc_rasmem/U2981/B1 uusc/Uusc_rasmem/RB_GAIA_MEM_R_57/GAIA_MEM_R_57/u0/u0/DB[29]
1.587929 -0.163798 uusc/Uusc_rasmem/U1784/B1 uusc/Uusc_rasmem/RB_GAIA_MEM_R_57/GAIA_MEM_R_57/u0/u0/DB[28]
1.599065 -0.141168 uusc/Uusc_rasmem/U1593/B1 uusc/Uusc_rasmem/RB_GAIA_MEM_R_39/GAIA_MEM_R_39/u0/u0/DB[40]
1.599065 -0.132174 uusc/Uusc_rasmem/U1593/B1 uusc/Uusc_rasmem/RB_GAIA_MEM_R_41/GAIA_MEM_R_41/u0/u0/DB[40]
1.390766 -0.065929 uusc/Uusc_rasmem/U1585/B1 uusc/Uusc_rasmem/RB_GAIA_MEM_R_39/GAIA_MEM_R_39/u0/u0/DB[41]
1.390766 -0.057673 uusc/Uusc_rasmem/U1585/B1 uusc/Uusc_rasmem/RB_GAIA_MEM_R_41/GAIA_MEM_R_41/u0/u0/DB[41]
1.392361 -0.149506 uusc/Uusc_rasmem/U2726/B1 uusc/Uusc_rasmem/RB_GAIA_MEM_R_58/GAIA_MEM_R_58/u0/u0/DB[3]
1.508561 -0.128172 uusc/Uusc_rasmem/U1299/A0 uusc/Uusc_rasmem/RB_GAIA_MEM_R_58/GAIA_MEM_R_58/u0/u0/DB[2]
1.508561 -0.095205 uusc/Uusc_rasmem/U1299/A0 uusc/Uusc_rasmem/RB_GAIA_MEM_R_56/GAIA_MEM_R_56/u0/u0/DB[2]
1.392361 -0.067583 uusc/Uusc_rasmem/U2726/B1 uusc/Uusc_rasmem/RB_GAIA_MEM_R_56/GAIA_MEM_R_56/u0/u0/DB[3]
1.511890 -0.145222 uusc/Uusc_rasmem/U2554/B1 uusc/Uusc_rasmem/RB_GAIA_MEM_R_58/GAIA_MEM_R_58/u0/u0/DB[21]
1.431719 -0.124211 uusc/Uusc_rasmem/U2933/B1 uusc/Uusc_rasmem/RB_GAIA_MEM_R_58/GAIA_MEM_R_58/u0/u0/DB[20]
1.511890 -0.112008 uusc/Uusc_rasmem/U2554/B1 uusc/Uusc_rasmem/RB_GAIA_MEM_R_56/GAIA_MEM_R_56/u0/u0/DB[21]
1.431719 -0.090989 uusc/Uusc_rasmem/U2933/B1 uusc/Uusc_rasmem/RB_GAIA_MEM_R_56/GAIA_MEM_R_56/u0/u0/DB[20]
1.461572 -0.095391 uusc/Uusc_rasmem/U1962/B1 uusc/Uusc_rasmem/RB_GAIA_MEM_R_33/GAIA_MEM_R_33/u0/u0/DB[0]
1.461572 -0.056692 uusc/Uusc_rasmem/U1962/B1 uusc/Uusc_rasmem/RB_GAIA_MEM_R_31/GAIA_MEM_R_31/u0/u0/DB[0]
1.619302 -0.050471 uuec/uStrDec/uMV/RB_GAIA_MEM_R_245/GAIA_MEM_R_245/u0/u0_D_5__O2LVLUO_X4M_jasons_11141/A uuec/uStrDec/uMV/RB_GAIA_MEM_R_245/GAIA_MEM_R_245/u0/u0/D[5]
1.177627 -0.048977 uusc/Uusc_mcctl/Uusc_mcctl_tmpmem/U1951/A uusc/Uusc_mcctl/Uusc_mcctl_tmpmem/RB_GAIA_MEM_R_169/GAIA_MEM_R_169/u0/u0/DB[31]
1.177627 -0.045488 uusc/Uusc_mcctl/Uusc_mcctl_tmpmem/U1951/A uusc/Uusc_mcctl/Uusc_mcctl_tmpmem/RB_GAIA_MEM_R_171/GAIA_MEM_R_171/u0/u0/DB[31]
1.305618 -0.039827 uusc/Uusc_mcctl/Uusc_mcctl_tmpmem/U1008/A uusc/Uusc_mcctl/Uusc_mcctl_tmpmem/RB_GAIA_MEM_R_169/GAIA_MEM_R_169/u0/u0/DB[30]
1.290904 -0.042235 uusc/Uusc_mcctl/Uusc_mcctl_tmpmem/U971/A0 uusc/Uusc_mcctl/Uusc_mcctl_tmpmem/RB_GAIA_MEM_R_88/GAIA_MEM_R_88/u0/u0/DB[44]
1.687453 -0.112058 uuec/uVLD/uPrd0FIFO/RB_GAIA_MEM_12/GAIA_MEM_12/AB[1] uuec/uVLD/uPrd0FIFO/RB_GAIA_MEM_12/GAIA_MEM_12/AB[1]
1.684240 -0.106941 uuec/uVLD/uPrd0FIFO/RB_GAIA_MEM_12/GAIA_MEM_12/AB[0] uuec/uVLD/uPrd0FIFO/RB_GAIA_MEM_12/GAIA_MEM_12/AB[0]
1.337581 -0.049823 uusc/Uusc_rasmem/U1348/B1 uusc/Uusc_rasmem/RB_GAIA_MEM_R_39/GAIA_MEM_R_39/u0/u0/DB[6]
1.337581 -0.042715 uusc/Uusc_rasmem/U1348/B1 uusc/Uusc_rasmem/RB_GAIA_MEM_R_41/GAIA_MEM_R_41/u0/u0/DB[6]
1.472582 -0.106642 uusc/Uusc_mcctl/Uusc_mcctl_tmpmem/U888/A0 uusc/Uusc_mcctl/Uusc_mcctl_tmpmem/RB_GAIA_MEM_R_166/GAIA_MEM_R_166/u0/u0/DB[22]
1.472582 -0.102195 uusc/Uusc_mcctl/Uusc_mcctl_tmpmem/U888/A0 uusc/Uusc_mcctl/Uusc_mcctl_tmpmem/RB_GAIA_MEM_R_168/GAIA_MEM_R_168/u0/u0/DB[22]
1.461264 -0.097968 uusc/Uusc_mcctl/Uusc_mcctl_tmpmem/U501/A0 uusc/Uusc_mcctl/Uusc_mcctl_tmpmem/RB_GAIA_MEM_R_166/GAIA_MEM_R_166/u0/u0/DB[23]
1.461264 -0.093115 uusc/Uusc_mcctl/Uusc_mcctl_tmpmem/U501/A0 uusc/Uusc_mcctl/Uusc_mcctl_tmpmem/RB_GAIA_MEM_R_168/GAIA_MEM_R_168/u0/u0/DB[23]
1.783856 -0.156842 uuec/uVLD/uPrd1FIFO/RB_GAIA_MEM_13/GAIA_MEM_13/AB[3] uuec/uVLD/uPrd1FIFO/RB_GAIA_MEM_13/GAIA_MEM_13/AB[3]
1.737690 -0.147930 uuec/uVLD/uPrd1FIFO/RB_GAIA_MEM_13/GAIA_MEM_13/AB[2] uuec/uVLD/uPrd1FIFO/RB_GAIA_MEM_13/GAIA_MEM_13/AB[2]
1.530127 -0.187124 uusc/Uusc_rasmem/U2601/B1 uusc/Uusc_rasmem/RB_GAIA_MEM_R_55/GAIA_MEM_R_55/u0/u0/DB[36]
1.549663 -0.178707 uusc/Uusc_rasmem/U1773/B1 uusc/Uusc_rasmem/RB_GAIA_MEM_R_55/GAIA_MEM_R_55/u0/u0/DB[37]
1.530127 -0.163610 uusc/Uusc_rasmem/U2601/B1 uusc/Uusc_rasmem/RB_GAIA_MEM_R_57/GAIA_MEM_R_57/u0/u0/DB[36]
1.549663 -0.155916 uusc/Uusc_rasmem/U1773/B1 uusc/Uusc_rasmem/RB_GAIA_MEM_R_57/GAIA_MEM_R_57/u0/u0/DB[37]
1.441184 -0.120588 uusc/Uusc_rasmem/U2720/B1 uusc/Uusc_rasmem/RB_GAIA_MEM_R_58/GAIA_MEM_R_58/u0/u0/DB[22]
1.415256 -0.116999 uusc/Uusc_rasmem/U2551/B1 uusc/Uusc_rasmem/RB_GAIA_MEM_R_58/GAIA_MEM_R_58/u0/u0/DB[23]
1.441184 -0.086192 uusc/Uusc_rasmem/U2720/B1 uusc/Uusc_rasmem/RB_GAIA_MEM_R_56/GAIA_MEM_R_56/u0/u0/DB[22]
1.415256 -0.083811 uusc/Uusc_rasmem/U2551/B1 uusc/Uusc_rasmem/RB_GAIA_MEM_R_56/GAIA_MEM_R_56/u0/u0/DB[23]
1.228161 -0.070423 uusc/U58884/A uusc/Uusc_ocmif/RB_GAIA_MEM_69/GAIA_MEM_69/DB[9]
1.102846 -0.046307 uusc/U14261/A uusc/Uusc_ocmif/RB_GAIA_MEM_69/GAIA_MEM_69/DB[8]
1.710541 -0.070621 uuec/uVLD/uC1FIFO/RB_GAIA_MEM_19/GAIA_MEM_19_AB_2__O2LVLUO_X4M_jasons_14132/A uuec/uVLD/uC1FIFO/RB_GAIA_MEM_19/GAIA_MEM_19/AB[2]
1.637785 -0.043217 uuec/uVLD/uC1FIFO/RB_GAIA_MEM_18/GAIA_MEM_18_AB_2__O2LVLUO_X4M_jasons_14040/A uuec/uVLD/uC1FIFO/RB_GAIA_MEM_18/GAIA_MEM_18/AB[2]
1.266312 -0.079981 uusc/U6156/A uusc/Uusc_ocmif/RB_GAIA_MEM_68/GAIA_MEM_68/DB[20]
1.228359 -0.076376 uusc/U6165/A uusc/Uusc_ocmif/RB_GAIA_MEM_68/GAIA_MEM_68/DB[21]
1.508470 -0.076339 uuec/uVLC/uCBF/RB_GAIA_MEM_247/GAIA_MEM_247/AA[2] uuec/uVLC/uCBF/RB_GAIA_MEM_247/GAIA_MEM_247/AA[2]
1.496910 -0.075592 uuec/uVLC/uCBF/RB_GAIA_MEM_246/GAIA_MEM_246/AA[2] uuec/uVLC/uCBF/RB_GAIA_MEM_246/GAIA_MEM_246/AA[2]
1.289629 -0.113762 uusc/Uusc_rasmem/U2513/B1 uusc/Uusc_rasmem/RB_GAIA_MEM_R_59/GAIA_MEM_R_59/u0/u0/DB[8]
1.289629 -0.108044 uusc/Uusc_rasmem/U2513/B1 uusc/Uusc_rasmem/RB_GAIA_MEM_R_61/GAIA_MEM_R_61/u0/u0/DB[8]
1.437835 -0.139658 uusc/Uusc_rasmem/U3037/B1 uusc/Uusc_rasmem/RB_GAIA_MEM_R_58/GAIA_MEM_R_58/u0/u0/DB[51]
1.437835 -0.106583 uusc/Uusc_rasmem/U3037/B1 uusc/Uusc_rasmem/RB_GAIA_MEM_R_56/GAIA_MEM_R_56/u0/u0/DB[51]
1.327320 -0.120356 uusc/U6256/A uusc/Uusc_ocmif/RB_GAIA_MEM_68/GAIA_MEM_68/DB[34]
1.468312 -0.118003 uusc/Uusc_rasmem/U2690/B1 uusc/Uusc_rasmem/RB_GAIA_MEM_R_39/GAIA_MEM_R_39/u0/u0/DB[30]
1.468312 -0.112238 uusc/Uusc_rasmem/U2690/B1 uusc/Uusc_rasmem/RB_GAIA_MEM_R_41/GAIA_MEM_R_41/u0/u0/DB[30]
1.256204 -0.041724 uusc/Uusc_rasmem/U2689/B1 uusc/Uusc_rasmem/RB_GAIA_MEM_R_39/GAIA_MEM_R_39/u0/u0/DB[31]
1.406174 -0.101906 uusc/Uusc_rasmem/U1357/B1 uusc/Uusc_rasmem/RB_GAIA_MEM_R_33/GAIA_MEM_R_33/u0/u0/DB[52]
1.424493 -0.100244 uusc/Uusc_rasmem/U1728/B1 uusc/Uusc_rasmem/RB_GAIA_MEM_R_33/GAIA_MEM_R_33/u0/u0/DB[53]
1.406174 -0.063624 uusc/Uusc_rasmem/U1357/B1 uusc/Uusc_rasmem/RB_GAIA_MEM_R_31/GAIA_MEM_R_31/u0/u0/DB[52]
1.424493 -0.060385 uusc/Uusc_rasmem/U1728/B1 uusc/Uusc_rasmem/RB_GAIA_MEM_R_31/GAIA_MEM_R_31/u0/u0/DB[53]
1.360418 -0.101926 uusc/Uusc_bcmmem/U416/A0 uusc/Uusc_bcmmem/RB_GAIA_MEM_R_44/GAIA_MEM_R_44/u0/u0/DB[0]
1.360418 -0.084965 uusc/Uusc_bcmmem/U416/A0 uusc/Uusc_bcmmem/RB_GAIA_MEM_R_46/GAIA_MEM_R_46/u0/u0/DB[0]
1.654599 -0.194173 uusc/Uusc_mcctl/Uusc_mcctl_tmpmem/U1948/A uusc/Uusc_mcctl/Uusc_mcctl_tmpmem/RB_GAIA_MEM_R_169/GAIA_MEM_R_169/u0/u0/DB[28]
1.654599 -0.190462 uusc/Uusc_mcctl/Uusc_mcctl_tmpmem/U1948/A uusc/Uusc_mcctl/Uusc_mcctl_tmpmem/RB_GAIA_MEM_R_171/GAIA_MEM_R_171/u0/u0/DB[28]
1.440705 -0.123878 uusc/Uusc_mcctl/Uusc_mcctl_tmpmem/U1949/A uusc/Uusc_mcctl/Uusc_mcctl_tmpmem/RB_GAIA_MEM_R_169/GAIA_MEM_R_169/u0/u0/DB[29]
1.440705 -0.119435 uusc/Uusc_mcctl/Uusc_mcctl_tmpmem/U1949/A uusc/Uusc_mcctl/Uusc_mcctl_tmpmem/RB_GAIA_MEM_R_171/GAIA_MEM_R_171/u0/u0/DB[29]
1.295434 -0.074007 uusc/Uusc_bcmmem/U725/A1N uusc/Uusc_bcmmem/RB_GAIA_MEM_R_46/GAIA_MEM_R_46/u0/u0/DB[22]
1.295434 -0.039941 uusc/Uusc_bcmmem/U725/A1N uusc/Uusc_bcmmem/RB_GAIA_MEM_R_44/GAIA_MEM_R_44/u0/u0/DB[22]
1.470575 -0.051714 uusc/Uusc_dbf/Uusc_dbf_refmif/U3547/A uusc/Uusc_dbf/Uusc_dbf_refmif/RB_GAIA_MEM_27/GAIA_MEM_27/DB[24]
1.417182 -0.107045 uusc/Uusc_rasmem/U2698/B1 uusc/Uusc_rasmem/RB_GAIA_MEM_R_33/GAIA_MEM_R_33/u0/u0/DB[63]
1.423952 -0.099007 uusc/Uusc_rasmem/U1356/B1 uusc/Uusc_rasmem/RB_GAIA_MEM_R_33/GAIA_MEM_R_33/u0/u0/DB[62]
1.417182 -0.067019 uusc/Uusc_rasmem/U2698/B1 uusc/Uusc_rasmem/RB_GAIA_MEM_R_31/GAIA_MEM_R_31/u0/u0/DB[63]
1.423952 -0.059638 uusc/Uusc_rasmem/U1356/B1 uusc/Uusc_rasmem/RB_GAIA_MEM_R_31/GAIA_MEM_R_31/u0/u0/DB[62]
1.618472 -0.155080 uusc/Uusc_mcctl/Uusc_mcctl_tmpmem/U184/A0 uusc/Uusc_mcctl/Uusc_mcctl_tmpmem/RB_GAIA_MEM_R_168/GAIA_MEM_R_168/u0/u0/DB[8]
1.618472 -0.141490 uusc/Uusc_mcctl/Uusc_mcctl_tmpmem/U184/A0 uusc/Uusc_mcctl/Uusc_mcctl_tmpmem/RB_GAIA_MEM_R_166/GAIA_MEM_R_166/u0/u0/DB[8]
1.427573 -0.077846 uusc/Uusc_rasmem/U1010/B1 uusc/Uusc_rasmem/RB_GAIA_MEM_R_33/GAIA_MEM_R_33/u0/u0/DB[39]
1.166251 -0.064736 uusc/Uusc_mdmem/U1219/A1 uusc/Uusc_mdmem/RB_GAIA_MEM_179/GAIA_MEM_179/D[31]
1.205245 -0.120081 uusc/Uusc_rasmem/U1427/B1 uusc/Uusc_rasmem/RB_GAIA_MEM_R_59/GAIA_MEM_R_59/u0/u0/DB[46]
1.227418 -0.049079 uusc/Uusc_rasmem/U2443/B1 uusc/Uusc_rasmem/RB_GAIA_MEM_R_60/GAIA_MEM_R_60/u0/u0/DB[46]
1.227418 -0.045898 uusc/Uusc_rasmem/U2443/B1 uusc/Uusc_rasmem/RB_GAIA_MEM_R_62/GAIA_MEM_R_62/u0/u0/DB[46]
1.514888 -0.158760 uusc/Uusc_rasmem/U2959/B1 uusc/Uusc_rasmem/RB_GAIA_MEM_R_55/GAIA_MEM_R_55/u0/u0/DB[10]
1.468811 -0.140175 uusc/Uusc_rasmem/U1792/B1 uusc/Uusc_rasmem/RB_GAIA_MEM_R_55/GAIA_MEM_R_55/u0/u0/DB[11]
1.514888 -0.135638 uusc/Uusc_rasmem/U2959/B1 uusc/Uusc_rasmem/RB_GAIA_MEM_R_57/GAIA_MEM_R_57/u0/u0/DB[10]
1.468811 -0.117848 uusc/Uusc_rasmem/U1792/B1 uusc/Uusc_rasmem/RB_GAIA_MEM_R_57/GAIA_MEM_R_57/u0/u0/DB[11]
1.289071 -0.061187 uusc/Uusc_mcctl/Uusc_mcctl_tmpmem/U1947/A uusc/Uusc_mcctl/Uusc_mcctl_tmpmem/RB_GAIA_MEM_R_169/GAIA_MEM_R_169/u0/u0/DB[27]
1.289071 -0.057564 uusc/Uusc_mcctl/Uusc_mcctl_tmpmem/U1947/A uusc/Uusc_mcctl/Uusc_mcctl_tmpmem/RB_GAIA_MEM_R_171/GAIA_MEM_R_171/u0/u0/DB[27]
1.455085 -0.113365 uusc/Uusc_rasmem/U1783/B1 uusc/Uusc_rasmem/RB_GAIA_MEM_R_58/GAIA_MEM_R_58/u0/u0/DB[11]
1.443969 -0.101558 uusc/Uusc_rasmem/PLCOPT68/B1 uusc/Uusc_rasmem/RB_GAIA_MEM_R_58/GAIA_MEM_R_58/u0/u0/DB[10]
1.455085 -0.080192 uusc/Uusc_rasmem/U1783/B1 uusc/Uusc_rasmem/RB_GAIA_MEM_R_56/GAIA_MEM_R_56/u0/u0/DB[11]
1.443969 -0.068653 uusc/Uusc_rasmem/PLCOPT68/B1 uusc/Uusc_rasmem/RB_GAIA_MEM_R_56/GAIA_MEM_R_56/u0/u0/DB[10]
1.591164 -0.126319 uusc/Uusc_rasmem/U1359/B1 uusc/Uusc_rasmem/RB_GAIA_MEM_R_43/GAIA_MEM_R_43/u0/u0/DB[55]
1.591164 -0.123358 uusc/Uusc_rasmem/U1359/B1 uusc/Uusc_rasmem/RB_GAIA_MEM_R_53/GAIA_MEM_R_53/u0/u0/DB[55]
1.152080 -0.045661 uusc/Uusc_mdmem/U1248/A1 uusc/Uusc_mdmem/RB_GAIA_MEM_179/GAIA_MEM_179/D[22]
1.403909 -0.057886 uusc/Uusc_rasmem/U2639/B1 uusc/Uusc_rasmem/RB_GAIA_MEM_R_43/GAIA_MEM_R_43/u0/u0/DB[30]
1.403909 -0.053417 uusc/Uusc_rasmem/U2639/B1 uusc/Uusc_rasmem/RB_GAIA_MEM_R_53/GAIA_MEM_R_53/u0/u0/DB[30]
1.393578 -0.042873 uusc/Uusc_rasmem/U2996/B1 uusc/Uusc_rasmem/RB_GAIA_MEM_R_43/GAIA_MEM_R_43/u0/u0/DB[31]
1.527061 -0.113814 uusc/Uusc_rasmem/U1949/B1 uusc/Uusc_rasmem/RB_GAIA_MEM_R_33/GAIA_MEM_R_33/u0/u0/DB[32]
1.386200 -0.098205 uusc/Uusc_rasmem/U1947/B1 uusc/Uusc_rasmem/RB_GAIA_MEM_R_33/GAIA_MEM_R_33/u0/u0/DB[33]
1.527061 -0.074134 uusc/Uusc_rasmem/U1949/B1 uusc/Uusc_rasmem/RB_GAIA_MEM_R_31/GAIA_MEM_R_31/u0/u0/DB[32]
1.386200 -0.059358 uusc/Uusc_rasmem/U1947/B1 uusc/Uusc_rasmem/RB_GAIA_MEM_R_31/GAIA_MEM_R_31/u0/u0/DB[33]
1.509813 -0.094351 uusc/Uusc_umeif/RB_GAIA_MEM_148/GAIA_MEM_148/DB[7] uusc/Uusc_umeif/RB_GAIA_MEM_148/GAIA_MEM_148/DB[7]
1.592972 -0.140470 uusc/Uusc_mcctl/Uusc_mcctl_tmpmem/U1127/A0 uusc/Uusc_mcctl/Uusc_mcctl_tmpmem/RB_GAIA_MEM_R_166/GAIA_MEM_R_166/u0/u0/DB[16]
1.592972 -0.136127 uusc/Uusc_mcctl/Uusc_mcctl_tmpmem/U1127/A0 uusc/Uusc_mcctl/Uusc_mcctl_tmpmem/RB_GAIA_MEM_R_168/GAIA_MEM_R_168/u0/u0/DB[16]
1.396961 -0.100317 uusc/Uusc_rasmem/PLCOPT564/B1 uusc/Uusc_rasmem/RB_GAIA_MEM_R_33/GAIA_MEM_R_33/u0/u0/DB[35]
1.381586 -0.080317 uusc/Uusc_rasmem/U2496/B1 uusc/Uusc_rasmem/RB_GAIA_MEM_R_33/GAIA_MEM_R_33/u0/u0/DB[34]
1.396961 -0.061385 uusc/Uusc_rasmem/PLCOPT564/B1 uusc/Uusc_rasmem/RB_GAIA_MEM_R_31/GAIA_MEM_R_31/u0/u0/DB[35]
1.381586 -0.040952 uusc/Uusc_rasmem/U2496/B1 uusc/Uusc_rasmem/RB_GAIA_MEM_R_31/GAIA_MEM_R_31/u0/u0/DB[34]
1.550782 -0.158774 uusc/Uusc_rasmem/U2955/B1 uusc/Uusc_rasmem/RB_GAIA_MEM_R_55/GAIA_MEM_R_55/u0/u0/DB[16]
1.565604 -0.155633 uusc/Uusc_rasmem/U2557/B1 uusc/Uusc_rasmem/RB_GAIA_MEM_R_55/GAIA_MEM_R_55/u0/u0/DB[17]
1.550782 -0.136362 uusc/Uusc_rasmem/U2955/B1 uusc/Uusc_rasmem/RB_GAIA_MEM_R_57/GAIA_MEM_R_57/u0/u0/DB[16]
1.565604 -0.132906 uusc/Uusc_rasmem/U2557/B1 uusc/Uusc_rasmem/RB_GAIA_MEM_R_57/GAIA_MEM_R_57/u0/u0/DB[17]
1.600813 -0.156546 uusc/Uusc_mcctl/Uusc_mcctl_tmpmem/U277/A0 uusc/Uusc_mcctl/Uusc_mcctl_tmpmem/RB_GAIA_MEM_R_166/GAIA_MEM_R_166/u0/u0/DB[29]
1.602920 -0.154204 uusc/Uusc_mcctl/Uusc_mcctl_tmpmem/U300/A0 uusc/Uusc_mcctl/Uusc_mcctl_tmpmem/RB_GAIA_MEM_R_166/GAIA_MEM_R_166/u0/u0/DB[28]
1.600813 -0.152442 uusc/Uusc_mcctl/Uusc_mcctl_tmpmem/U277/A0 uusc/Uusc_mcctl/Uusc_mcctl_tmpmem/RB_GAIA_MEM_R_168/GAIA_MEM_R_168/u0/u0/DB[29]
1.602920 -0.149831 uusc/Uusc_mcctl/Uusc_mcctl_tmpmem/U300/A0 uusc/Uusc_mcctl/Uusc_mcctl_tmpmem/RB_GAIA_MEM_R_168/GAIA_MEM_R_168/u0/u0/DB[28]
1.584519 -0.147464 uusc/Uusc_rasmem/U2739/B1 uusc/Uusc_rasmem/RB_GAIA_MEM_R_39/GAIA_MEM_R_39/u0/u0/DB[55]
1.584519 -0.142125 uusc/Uusc_rasmem/U2739/B1 uusc/Uusc_rasmem/RB_GAIA_MEM_R_41/GAIA_MEM_R_41/u0/u0/DB[55]
1.434300 -0.088776 uusc/Uusc_rasmem/U2491/B1 uusc/Uusc_rasmem/RB_GAIA_MEM_R_39/GAIA_MEM_R_39/u0/u0/DB[54]
1.434300 -0.083632 uusc/Uusc_rasmem/U2491/B1 uusc/Uusc_rasmem/RB_GAIA_MEM_R_41/GAIA_MEM_R_41/u0/u0/DB[54]
1.306557 -0.114295 uusc/U4843/B0 uusc/Uusc_ocmif/RB_GAIA_MEM_69/GAIA_MEM_69/DB[32]
1.135164 -0.093211 uusc/U4844/B0 uusc/Uusc_ocmif/RB_GAIA_MEM_69/GAIA_MEM_69/DB[33]
1.757478 -0.149520 uuec/uVLD/uPrd1FIFO/RB_GAIA_MEM_13/GAIA_MEM_13/AB[5] uuec/uVLD/uPrd1FIFO/RB_GAIA_MEM_13/GAIA_MEM_13/AB[5]
1.748148 -0.148176 uuec/uVLD/uPrd1FIFO/RB_GAIA_MEM_13/GAIA_MEM_13/AB[4] uuec/uVLD/uPrd1FIFO/RB_GAIA_MEM_13/GAIA_MEM_13/AB[4]
1.031095 -0.093895 uusc/RB_GAIA_MEM_171/GAIA_MEM_171/D[55] uusc/RB_GAIA_MEM_171/GAIA_MEM_171/D[55]
1.026102 -0.091668 uusc/RB_GAIA_MEM_172/GAIA_MEM_172/D[55] uusc/RB_GAIA_MEM_172/GAIA_MEM_172/D[55]
1.601019 -0.128223 uusc/Uusc_rasmem/U1813/B1 uusc/Uusc_rasmem/RB_GAIA_MEM_R_35/GAIA_MEM_R_35/u0/u0/DB[62]
1.571141 -0.125592 uusc/Uusc_rasmem/U1812/B1 uusc/Uusc_rasmem/RB_GAIA_MEM_R_35/GAIA_MEM_R_35/u0/u0/DB[63]
1.601019 -0.120643 uusc/Uusc_rasmem/U1813/B1 uusc/Uusc_rasmem/RB_GAIA_MEM_R_37/GAIA_MEM_R_37/u0/u0/DB[62]
1.571141 -0.117973 uusc/Uusc_rasmem/U1812/B1 uusc/Uusc_rasmem/RB_GAIA_MEM_R_37/GAIA_MEM_R_37/u0/u0/DB[63]
1.518263 -0.185806 uusc/Uusc_rasmem/U2585/B1 uusc/Uusc_rasmem/RB_GAIA_MEM_R_55/GAIA_MEM_R_55/u0/u0/DB[55]
1.518263 -0.163004 uusc/Uusc_rasmem/U2585/B1 uusc/Uusc_rasmem/RB_GAIA_MEM_R_57/GAIA_MEM_R_57/u0/u0/DB[55]
1.376758 -0.143145 uusc/Uusc_rasmem/U2586/B1 uusc/Uusc_rasmem/RB_GAIA_MEM_R_55/GAIA_MEM_R_55/u0/u0/DB[54]
1.376758 -0.120598 uusc/Uusc_rasmem/U2586/B1 uusc/Uusc_rasmem/RB_GAIA_MEM_R_57/GAIA_MEM_R_57/u0/u0/DB[54]
1.529789 -0.118278 uusc/Uusc_rasmem/U1398/B1 uusc/Uusc_rasmem/RB_GAIA_MEM_R_43/GAIA_MEM_R_43/u0/u0/DB[36]
1.529789 -0.114312 uusc/Uusc_rasmem/U1398/B1 uusc/Uusc_rasmem/RB_GAIA_MEM_R_53/GAIA_MEM_R_53/u0/u0/DB[36]
1.341762 -0.072272 uusc/U1628/A uusc/Uusc_ocmif/RB_GAIA_MEM_68/GAIA_MEM_68/DB[9]
1.375041 -0.067640 uusc/U1632/A uusc/Uusc_ocmif/RB_GAIA_MEM_68/GAIA_MEM_68/DB[8]
1.363175 -0.051000 uusc/Uusc_rasmem/U1506/B1 uusc/Uusc_rasmem/RB_GAIA_MEM_R_43/GAIA_MEM_R_43/u0/u0/DB[56]
1.363175 -0.045842 uusc/Uusc_rasmem/U1506/B1 uusc/Uusc_rasmem/RB_GAIA_MEM_R_53/GAIA_MEM_R_53/u0/u0/DB[56]
1.595145 -0.135466 uusc/Uusc_rasmem/U1403/B1 uusc/Uusc_rasmem/RB_GAIA_MEM_R_43/GAIA_MEM_R_43/u0/u0/DB[46]
1.595145 -0.131313 uusc/Uusc_rasmem/U1403/B1 uusc/Uusc_rasmem/RB_GAIA_MEM_R_53/GAIA_MEM_R_53/u0/u0/DB[46]
1.575364 -0.128441 uusc/Uusc_rasmem/U2990/B1 uusc/Uusc_rasmem/RB_GAIA_MEM_R_43/GAIA_MEM_R_43/u0/u0/DB[47]
1.575364 -0.124446 uusc/Uusc_rasmem/U2990/B1 uusc/Uusc_rasmem/RB_GAIA_MEM_R_53/GAIA_MEM_R_53/u0/u0/DB[47]
1.597209 -0.155966 uusc/Uusc_mcctl/Uusc_mcctl_tmpmem/U643/A0 uusc/Uusc_mcctl/Uusc_mcctl_tmpmem/RB_GAIA_MEM_R_166/GAIA_MEM_R_166/u0/u0/DB[32]
1.597209 -0.150855 uusc/Uusc_mcctl/Uusc_mcctl_tmpmem/U643/A0 uusc/Uusc_mcctl/Uusc_mcctl_tmpmem/RB_GAIA_MEM_R_168/GAIA_MEM_R_168/u0/u0/DB[32]
1.295996 -0.095581 uusc/Uusc_bcmmem/U487/A0 uusc/Uusc_bcmmem/RB_GAIA_MEM_R_44/GAIA_MEM_R_44/u0/u0/DB[56]
1.295996 -0.079017 uusc/Uusc_bcmmem/U487/A0 uusc/Uusc_bcmmem/RB_GAIA_MEM_R_46/GAIA_MEM_R_46/u0/u0/DB[56]
1.612007 -0.150868 uusc/Uusc_rasmem/U1396/B1 uusc/Uusc_rasmem/RB_GAIA_MEM_R_43/GAIA_MEM_R_43/u0/u0/DB[45]
1.599057 -0.147155 uusc/Uusc_rasmem/U2992/B1 uusc/Uusc_rasmem/RB_GAIA_MEM_R_43/GAIA_MEM_R_43/u0/u0/DB[44]
1.612007 -0.146795 uusc/Uusc_rasmem/U1396/B1 uusc/Uusc_rasmem/RB_GAIA_MEM_R_53/GAIA_MEM_R_53/u0/u0/DB[45]
1.599057 -0.144795 uusc/Uusc_rasmem/U2992/B1 uusc/Uusc_rasmem/RB_GAIA_MEM_R_53/GAIA_MEM_R_53/u0/u0/DB[44]
1.639437 -0.156039 uusc/Uusc_mcctl/Uusc_mcctl_tmpmem/U261/A0 uusc/Uusc_mcctl/Uusc_mcctl_tmpmem/RB_GAIA_MEM_R_166/GAIA_MEM_R_166/u0/u0/DB[57]
1.639437 -0.151969 uusc/Uusc_mcctl/Uusc_mcctl_tmpmem/U261/A0 uusc/Uusc_mcctl/Uusc_mcctl_tmpmem/RB_GAIA_MEM_R_168/GAIA_MEM_R_168/u0/u0/DB[57]
1.584089 -0.124997 uusc/Uusc_mcctl/Uusc_mcctl_tmpmem/U254/A0 uusc/Uusc_mcctl/Uusc_mcctl_tmpmem/RB_GAIA_MEM_R_166/GAIA_MEM_R_166/u0/u0/DB[56]
1.584089 -0.120919 uusc/Uusc_mcctl/Uusc_mcctl_tmpmem/U254/A0 uusc/Uusc_mcctl/Uusc_mcctl_tmpmem/RB_GAIA_MEM_R_168/GAIA_MEM_R_168/u0/u0/DB[56]
1.344686 -0.057266 uusc/Uusc_mcctl/Uusc_mcctl_tmpmem/U415/A0 uusc/Uusc_mcctl/Uusc_mcctl_tmpmem/RB_GAIA_MEM_R_88/GAIA_MEM_R_88/u0/u0/DB[54]
1.344830 -0.114099 uusc/Uusc_rasmem/U2569/B1 uusc/Uusc_rasmem/RB_GAIA_MEM_R_58/GAIA_MEM_R_58/u0/u0/DB[41]
1.344830 -0.081127 uusc/Uusc_rasmem/U2569/B1 uusc/Uusc_rasmem/RB_GAIA_MEM_R_56/GAIA_MEM_R_56/u0/u0/DB[41]
1.401787 -0.046415 uusc/Uusc_rasmem/U2019/B1 uusc/Uusc_rasmem/RB_GAIA_MEM_R_35/GAIA_MEM_R_35/u0/u0/DB[57]
1.662880 -0.164536 uusc/Uusc_rasmem/U1969/B1 uusc/Uusc_rasmem/RB_GAIA_MEM_R_39/GAIA_MEM_R_39/u0/u0/DB[47]
1.662880 -0.156971 uusc/Uusc_rasmem/U1969/B1 uusc/Uusc_rasmem/RB_GAIA_MEM_R_41/GAIA_MEM_R_41/u0/u0/DB[47]
1.304440 -0.130065 uusc/Uusc_rasmem/U2494/B1 uusc/Uusc_rasmem/RB_GAIA_MEM_R_39/GAIA_MEM_R_39/u0/u0/DB[46]
1.304440 -0.125826 uusc/Uusc_rasmem/U2494/B1 uusc/Uusc_rasmem/RB_GAIA_MEM_R_41/GAIA_MEM_R_41/u0/u0/DB[46]
1.446208 -0.110078 uusc/Uusc_rasmem/U1956/B1 uusc/Uusc_rasmem/RB_GAIA_MEM_R_33/GAIA_MEM_R_33/u0/u0/DB[24]
1.446208 -0.070625 uusc/Uusc_rasmem/U1956/B1 uusc/Uusc_rasmem/RB_GAIA_MEM_R_31/GAIA_MEM_R_31/u0/u0/DB[24]
1.231636 -0.067259 uusc/U58885/A uusc/Uusc_ocmif/RB_GAIA_MEM_69/GAIA_MEM_69/DB[12]
1.095506 -0.059577 uusc/U58886/A uusc/Uusc_ocmif/RB_GAIA_MEM_69/GAIA_MEM_69/DB[13]
1.343279 -0.111474 uusc/Uusc_rasmem/U2932/B1 uusc/Uusc_rasmem/RB_GAIA_MEM_R_58/GAIA_MEM_R_58/u0/u0/DB[24]
1.267345 -0.098968 uusc/Uusc_rasmem/U2931/B1 uusc/Uusc_rasmem/RB_GAIA_MEM_R_58/GAIA_MEM_R_58/u0/u0/DB[25]
1.343279 -0.077999 uusc/Uusc_rasmem/U2932/B1 uusc/Uusc_rasmem/RB_GAIA_MEM_R_56/GAIA_MEM_R_56/u0/u0/DB[24]
1.267345 -0.066101 uusc/Uusc_rasmem/U2931/B1 uusc/Uusc_rasmem/RB_GAIA_MEM_R_56/GAIA_MEM_R_56/u0/u0/DB[25]
1.402550 -0.046984 uusc/Uusc_rasmem/U2018/B1 uusc/Uusc_rasmem/RB_GAIA_MEM_R_35/GAIA_MEM_R_35/u0/u0/DB[8]
1.409542 -0.107323 uusc/Uusc_bcmmem/U557/A0 uusc/Uusc_bcmmem/RB_GAIA_MEM_R_47/GAIA_MEM_R_47/u0/u0/DB[43]
1.409542 -0.105427 uusc/Uusc_bcmmem/U557/A0 uusc/Uusc_bcmmem/RB_GAIA_MEM_R_45/GAIA_MEM_R_45/u0/u0/DB[43]
1.097720 -0.053304 uusc/Uusc_linmem/U590/B1 uusc/Uusc_linmem/RB_GAIA_MEM_R_162/GAIA_MEM_R_162/u0/u0/D[31]
0.940232 -0.115670 uusc/RB_GAIA_MEM_171/GAIA_MEM_171/D[14] uusc/RB_GAIA_MEM_171/GAIA_MEM_171/D[14]
0.935392 -0.113627 uusc/RB_GAIA_MEM_172/GAIA_MEM_172/D[14] uusc/RB_GAIA_MEM_172/GAIA_MEM_172/D[14]
0.925582 -0.099916 uusc/RB_GAIA_MEM_171/GAIA_MEM_171/D[46] uusc/RB_GAIA_MEM_171/GAIA_MEM_171/D[46]
0.922441 -0.099868 uusc/RB_GAIA_MEM_172/GAIA_MEM_172/D[46] uusc/RB_GAIA_MEM_172/GAIA_MEM_172/D[46]
0.912172 -0.089118 uusc/RB_GAIA_MEM_169/GAIA_MEM_169/D[46] uusc/RB_GAIA_MEM_169/GAIA_MEM_169/D[46]
0.911502 -0.087598 uusc/RB_GAIA_MEM_168/GAIA_MEM_168/D[46] uusc/RB_GAIA_MEM_168/GAIA_MEM_168/D[46]
1.115606 -0.114049 uusc/Uusc_rasmem/U1409/B1 uusc/Uusc_rasmem/RB_GAIA_MEM_R_61/GAIA_MEM_R_61/u0/u0/DB[62]
1.115606 -0.082129 uusc/Uusc_rasmem/U1409/B1 uusc/Uusc_rasmem/RB_GAIA_MEM_R_59/GAIA_MEM_R_59/u0/u0/DB[62]
1.478676 -0.104640 uusc/Uusc_rasmem/U1442/B1 uusc/Uusc_rasmem/RB_GAIA_MEM_R_33/GAIA_MEM_R_33/u0/u0/DB[21]
1.400684 -0.088528 uusc/Uusc_rasmem/U1443/B1 uusc/Uusc_rasmem/RB_GAIA_MEM_R_33/GAIA_MEM_R_33/u0/u0/DB[20]
1.478676 -0.065618 uusc/Uusc_rasmem/U1442/B1 uusc/Uusc_rasmem/RB_GAIA_MEM_R_31/GAIA_MEM_R_31/u0/u0/DB[21]
1.400684 -0.049332 uusc/Uusc_rasmem/U1443/B1 uusc/Uusc_rasmem/RB_GAIA_MEM_R_31/GAIA_MEM_R_31/u0/u0/DB[20]
1.633459 -0.155808 uusc/Uusc_rasmem/U3010/B1 uusc/Uusc_rasmem/RB_GAIA_MEM_R_39/GAIA_MEM_R_39/u0/u0/DB[44]
1.633459 -0.147327 uusc/Uusc_rasmem/U3010/B1 uusc/Uusc_rasmem/RB_GAIA_MEM_R_41/GAIA_MEM_R_41/u0/u0/DB[44]
1.411695 -0.085799 uusc/Uusc_rasmem/U2666/B1 uusc/Uusc_rasmem/RB_GAIA_MEM_R_39/GAIA_MEM_R_39/u0/u0/DB[45]
1.411695 -0.078477 uusc/Uusc_rasmem/U2666/B1 uusc/Uusc_rasmem/RB_GAIA_MEM_R_41/GAIA_MEM_R_41/u0/u0/DB[45]
1.377671 -0.079221 uusc/Uusc_dbf/Uusc_dbf_refmif/U3541/A uusc/Uusc_dbf/Uusc_dbf_refmif/RB_GAIA_MEM_27/GAIA_MEM_27/DB[18]
1.627993 -0.061176 uuec/uStrDec/uMV/RB_GAIA_MEM_R_245/GAIA_MEM_R_245/u0/u0_D_54__O2LVLUO_X4M_jasons_11135/A uuec/uStrDec/uMV/RB_GAIA_MEM_R_245/GAIA_MEM_R_245/u0/u0/D[54]
1.038180 -0.056128 uusc/RB_GAIA_MEM_171/GAIA_MEM_171/D[10] uusc/RB_GAIA_MEM_171/GAIA_MEM_171/D[10]
1.034005 -0.054513 uusc/RB_GAIA_MEM_172/GAIA_MEM_172/D[10] uusc/RB_GAIA_MEM_172/GAIA_MEM_172/D[10]
1.033850 -0.053501 uusc/RB_GAIA_MEM_169/GAIA_MEM_169/D[10] uusc/RB_GAIA_MEM_169/GAIA_MEM_169/D[10]
1.034355 -0.053087 uusc/RB_GAIA_MEM_168/GAIA_MEM_168/D[10] uusc/RB_GAIA_MEM_168/GAIA_MEM_168/D[10]
1.030786 -0.047092 uusc/RB_GAIA_MEM_171/GAIA_MEM_171/D[42] uusc/RB_GAIA_MEM_171/GAIA_MEM_171/D[42]
1.026517 -0.045769 uusc/RB_GAIA_MEM_172/GAIA_MEM_172/D[42] uusc/RB_GAIA_MEM_172/GAIA_MEM_172/D[42]
1.024034 -0.042590 uusc/RB_GAIA_MEM_169/GAIA_MEM_169/D[42] uusc/RB_GAIA_MEM_169/GAIA_MEM_169/D[42]
1.024413 -0.042065 uusc/RB_GAIA_MEM_168/GAIA_MEM_168/D[42] uusc/RB_GAIA_MEM_168/GAIA_MEM_168/D[42]
1.306565 -0.041742 uusc/Uusc_rasmem/U3017/B1 uusc/Uusc_rasmem/RB_GAIA_MEM_R_39/GAIA_MEM_R_39/u0/u0/DB[27]
1.682103 -0.114060 uuec/uVLD/uPrd0FIFO/RB_GAIA_MEM_12/GAIA_MEM_12/AA[3] uuec/uVLD/uPrd0FIFO/RB_GAIA_MEM_12/GAIA_MEM_12/AA[3]
1.582421 -0.096664 uuec/uVLD/uPrd0FIFO/RB_GAIA_MEM_12/GAIA_MEM_12/AA[2] uuec/uVLD/uPrd0FIFO/RB_GAIA_MEM_12/GAIA_MEM_12/AA[2]
1.460798 -0.144892 uusc/Uusc_rasmem/U2010/B1 uusc/Uusc_rasmem/RB_GAIA_MEM_R_55/GAIA_MEM_R_55/u0/u0/DB[41]
1.460205 -0.141132 uusc/Uusc_rasmem/U1985/B1 uusc/Uusc_rasmem/RB_GAIA_MEM_R_55/GAIA_MEM_R_55/u0/u0/DB[40]
1.460798 -0.122335 uusc/Uusc_rasmem/U2010/B1 uusc/Uusc_rasmem/RB_GAIA_MEM_R_57/GAIA_MEM_R_57/u0/u0/DB[41]
1.460205 -0.118366 uusc/Uusc_rasmem/U1985/B1 uusc/Uusc_rasmem/RB_GAIA_MEM_R_57/GAIA_MEM_R_57/u0/u0/DB[40]
1.525634 -0.146153 uusc/Uusc_mcctl/Uusc_mcctl_tmpmem/U544/A0 uusc/Uusc_mcctl/Uusc_mcctl_tmpmem/RB_GAIA_MEM_R_166/GAIA_MEM_R_166/u0/u0/DB[50]
1.568529 -0.122643 uusc/Uusc_mcctl/Uusc_mcctl_tmpmem/U305/A0 uusc/Uusc_mcctl/Uusc_mcctl_tmpmem/RB_GAIA_MEM_R_166/GAIA_MEM_R_166/u0/u0/DB[51]
1.568529 -0.118366 uusc/Uusc_mcctl/Uusc_mcctl_tmpmem/U305/A0 uusc/Uusc_mcctl/Uusc_mcctl_tmpmem/RB_GAIA_MEM_R_168/GAIA_MEM_R_168/u0/u0/DB[51]
1.525634 -0.101046 uusc/Uusc_mcctl/Uusc_mcctl_tmpmem/U544/A0 uusc/Uusc_mcctl/Uusc_mcctl_tmpmem/RB_GAIA_MEM_R_168/GAIA_MEM_R_168/u0/u0/DB[50]
1.356344 -0.114854 uusc/Uusc_mcctl/Uusc_mcctl_tmpmem/U641/A0 uusc/Uusc_mcctl/Uusc_mcctl_tmpmem/RB_GAIA_MEM_R_88/GAIA_MEM_R_88/u0/u0/DB[46]
1.524762 -0.168639 uusc/Uusc_rasmem/U2961/B1 uusc/Uusc_rasmem/RB_GAIA_MEM_R_58/GAIA_MEM_R_58/u0/u0/DB[61]
1.411852 -0.151787 uusc/Uusc_rasmem/U2560/B1 uusc/Uusc_rasmem/RB_GAIA_MEM_R_58/GAIA_MEM_R_58/u0/u0/DB[60]
1.524762 -0.135477 uusc/Uusc_rasmem/U2961/B1 uusc/Uusc_rasmem/RB_GAIA_MEM_R_56/GAIA_MEM_R_56/u0/u0/DB[61]
1.411852 -0.086959 uusc/Uusc_rasmem/U2560/B1 uusc/Uusc_rasmem/RB_GAIA_MEM_R_56/GAIA_MEM_R_56/u0/u0/DB[60]
1.541170 -0.176521 uusc/Uusc_rasmem/U2580/B1 uusc/Uusc_rasmem/RB_GAIA_MEM_R_55/GAIA_MEM_R_55/u0/u0/DB[5]
1.495251 -0.158367 uusc/Uusc_rasmem/U2591/B1 uusc/Uusc_rasmem/RB_GAIA_MEM_R_55/GAIA_MEM_R_55/u0/u0/DB[4]
1.541170 -0.151384 uusc/Uusc_rasmem/U2580/B1 uusc/Uusc_rasmem/RB_GAIA_MEM_R_57/GAIA_MEM_R_57/u0/u0/DB[5]
1.495251 -0.135876 uusc/Uusc_rasmem/U2591/B1 uusc/Uusc_rasmem/RB_GAIA_MEM_R_57/GAIA_MEM_R_57/u0/u0/DB[4]
1.453480 -0.056364 uusc/Uusc_rasmem/U2023/B1 uusc/Uusc_rasmem/RB_GAIA_MEM_R_35/GAIA_MEM_R_35/u0/u0/DB[49]
1.453480 -0.048387 uusc/Uusc_rasmem/U2023/B1 uusc/Uusc_rasmem/RB_GAIA_MEM_R_37/GAIA_MEM_R_37/u0/u0/DB[49]
1.230740 -0.047344 uusc/Uusc_mcctl/Uusc_mcctl_tmpmem/U1832/A1N uusc/Uusc_mcctl/Uusc_mcctl_tmpmem/RB_GAIA_MEM_R_166/GAIA_MEM_R_166/u0/u0/DB[4]
1.550655 -0.115556 uusc/Uusc_mcctl/Uusc_mcctl_tmpmem/U1050/A0 uusc/Uusc_mcctl/Uusc_mcctl_tmpmem/RB_GAIA_MEM_R_166/GAIA_MEM_R_166/u0/u0/DB[15]
1.551989 -0.111955 uusc/Uusc_mcctl/Uusc_mcctl_tmpmem/U1074/A0 uusc/Uusc_mcctl/Uusc_mcctl_tmpmem/RB_GAIA_MEM_R_166/GAIA_MEM_R_166/u0/u0/DB[14]
1.550655 -0.111281 uusc/Uusc_mcctl/Uusc_mcctl_tmpmem/U1050/A0 uusc/Uusc_mcctl/Uusc_mcctl_tmpmem/RB_GAIA_MEM_R_168/GAIA_MEM_R_168/u0/u0/DB[15]
1.551989 -0.106862 uusc/Uusc_mcctl/Uusc_mcctl_tmpmem/U1074/A0 uusc/Uusc_mcctl/Uusc_mcctl_tmpmem/RB_GAIA_MEM_R_168/GAIA_MEM_R_168/u0/u0/DB[14]
1.495155 -0.158792 uusc/Uusc_rasmem/U2592/B1 uusc/Uusc_rasmem/RB_GAIA_MEM_R_55/GAIA_MEM_R_55/u0/u0/DB[44]
1.527510 -0.158502 uusc/Uusc_rasmem/U1772/B1 uusc/Uusc_rasmem/RB_GAIA_MEM_R_55/GAIA_MEM_R_55/u0/u0/DB[45]
1.495155 -0.136192 uusc/Uusc_rasmem/U2592/B1 uusc/Uusc_rasmem/RB_GAIA_MEM_R_57/GAIA_MEM_R_57/u0/u0/DB[44]
1.527510 -0.135689 uusc/Uusc_rasmem/U1772/B1 uusc/Uusc_rasmem/RB_GAIA_MEM_R_57/GAIA_MEM_R_57/u0/u0/DB[45]
1.486512 -0.069757 uusc/Uusc_dbf/Uusc_dbf_refmif/U4120/A uusc/Uusc_dbf/Uusc_dbf_refmif/RB_GAIA_MEM_27/GAIA_MEM_27/DB[75]
1.327589 -0.054384 uodmc/Uodm_core_Uodm_ram_ary/RB_GAIA_MEM_R_380/GAIA_MEM_R_380/u0/u0_D_23__O2LVLUO_X4M_jasons_3407/A uodmc/Uodm_core_Uodm_ram_ary/RB_GAIA_MEM_R_380/GAIA_MEM_R_380/u0/u0/D[23]
1.411877 -0.130654 uusc/Uusc_rasmem/U2970/B1 uusc/Uusc_rasmem/RB_GAIA_MEM_R_58/GAIA_MEM_R_58/u0/u0/DB[45]
1.291114 -0.114845 uusc/Uusc_rasmem/U2567/B1 uusc/Uusc_rasmem/RB_GAIA_MEM_R_58/GAIA_MEM_R_58/u0/u0/DB[44]
1.411877 -0.097485 uusc/Uusc_rasmem/U2970/B1 uusc/Uusc_rasmem/RB_GAIA_MEM_R_56/GAIA_MEM_R_56/u0/u0/DB[45]
1.291114 -0.081716 uusc/Uusc_rasmem/U2567/B1 uusc/Uusc_rasmem/RB_GAIA_MEM_R_56/GAIA_MEM_R_56/u0/u0/DB[44]
1.449271 -0.133513 uusc/Uusc_rasmem/U2604/B1 uusc/Uusc_rasmem/RB_GAIA_MEM_R_55/GAIA_MEM_R_55/u0/u0/DB[30]
1.426190 -0.115259 uusc/Uusc_rasmem/U2603/B1 uusc/Uusc_rasmem/RB_GAIA_MEM_R_55/GAIA_MEM_R_55/u0/u0/DB[31]
1.449271 -0.110891 uusc/Uusc_rasmem/U2604/B1 uusc/Uusc_rasmem/RB_GAIA_MEM_R_57/GAIA_MEM_R_57/u0/u0/DB[30]
1.426190 -0.088511 uusc/Uusc_rasmem/U2603/B1 uusc/Uusc_rasmem/RB_GAIA_MEM_R_57/GAIA_MEM_R_57/u0/u0/DB[31]
1.510919 -0.091911 uuec/uVLD/uPrd0FIFO/RB_GAIA_MEM_12/GAIA_MEM_12/AB[2] uuec/uVLD/uPrd0FIFO/RB_GAIA_MEM_12/GAIA_MEM_12/AB[2]
1.510519 -0.088760 uuec/uVLD/uPrd0FIFO/RB_GAIA_MEM_12/GAIA_MEM_12/AB[3] uuec/uVLD/uPrd0FIFO/RB_GAIA_MEM_12/GAIA_MEM_12/AB[3]
1.313916 -0.111297 uusc/Uusc_bcmmem/u_cell_21159080/A1N uusc/Uusc_bcmmem/RB_GAIA_MEM_R_47/GAIA_MEM_R_47/u0/u0/DB[33]
1.313916 -0.109486 uusc/Uusc_bcmmem/u_cell_21159080/A1N uusc/Uusc_bcmmem/RB_GAIA_MEM_R_45/GAIA_MEM_R_45/u0/u0/DB[33]
1.628954 -0.060857 uuec/uStrDec/uSDP/RB_GAIA_MEM_R_252/GAIA_MEM_R_252/u0/u0_AB_0__O2LVLUO_X4M_jasons_11828/A uuec/uStrDec/uSDP/RB_GAIA_MEM_R_252/GAIA_MEM_R_252/u0/u0/AB[0]
1.633559 -0.057230 uuec/uStrDec/uSDP/RB_GAIA_MEM_R_252/GAIA_MEM_R_252/u0/u0_AB_1__O2LVLUO_X4M_jasons_11829/A uuec/uStrDec/uSDP/RB_GAIA_MEM_R_252/GAIA_MEM_R_252/u0/u0/AB[1]
1.480178 -0.120825 uusc/Uusc_rasmem/U2008/B1 uusc/Uusc_rasmem/RB_GAIA_MEM_R_58/GAIA_MEM_R_58/u0/u0/DB[9]
1.456254 -0.111507 uusc/Uusc_rasmem/U1981/B1 uusc/Uusc_rasmem/RB_GAIA_MEM_R_58/GAIA_MEM_R_58/u0/u0/DB[8]
1.480178 -0.088027 uusc/Uusc_rasmem/U2008/B1 uusc/Uusc_rasmem/RB_GAIA_MEM_R_56/GAIA_MEM_R_56/u0/u0/DB[9]
1.456254 -0.078617 uusc/Uusc_rasmem/U1981/B1 uusc/Uusc_rasmem/RB_GAIA_MEM_R_56/GAIA_MEM_R_56/u0/u0/DB[8]
1.581045 -0.127876 uusc/Uusc_mcctl/Uusc_mcctl_tmpmem/U430/A0 uusc/Uusc_mcctl/Uusc_mcctl_tmpmem/RB_GAIA_MEM_R_88/GAIA_MEM_R_88/u0/u0/DB[49]
1.557465 -0.124149 uusc/Uusc_mcctl/Uusc_mcctl_tmpmem/U435/A0 uusc/Uusc_mcctl/Uusc_mcctl_tmpmem/RB_GAIA_MEM_R_88/GAIA_MEM_R_88/u0/u0/DB[48]
1.307449 -0.050790 uusc/Uusc_mcctl/Uusc_mcctl_tmpmem/U1112/A0 uusc/Uusc_mcctl/Uusc_mcctl_tmpmem/RB_GAIA_MEM_R_166/GAIA_MEM_R_166/u0/u0/DB[54]
1.307449 -0.045392 uusc/Uusc_mcctl/Uusc_mcctl_tmpmem/U1112/A0 uusc/Uusc_mcctl/Uusc_mcctl_tmpmem/RB_GAIA_MEM_R_168/GAIA_MEM_R_168/u0/u0/DB[54]
1.501324 -0.158938 uusc/U6174/A uusc/Uusc_ocmif/RB_GAIA_MEM_69/GAIA_MEM_69/DB[31]
1.303740 -0.120985 uusc/U58796/A uusc/Uusc_ocmif/RB_GAIA_MEM_69/GAIA_MEM_69/DB[30]
1.605609 -0.062979 uuec/uStrDec/uMV/RB_GAIA_MEM_R_245/GAIA_MEM_R_245/u0/u0_D_52__O2LVLUO_X4M_jasons_11133/A uuec/uStrDec/uMV/RB_GAIA_MEM_R_245/GAIA_MEM_R_245/u0/u0/D[52]
1.342325 -0.152727 uusc/Uusc_rasmem/U2978/B1 uusc/Uusc_rasmem/RB_GAIA_MEM_R_55/GAIA_MEM_R_55/u0/u0/DB[59]
1.448079 -0.147601 uusc/Uusc_rasmem/U2581/B1 uusc/Uusc_rasmem/RB_GAIA_MEM_R_55/GAIA_MEM_R_55/u0/u0/DB[58]
1.342325 -0.129883 uusc/Uusc_rasmem/U2978/B1 uusc/Uusc_rasmem/RB_GAIA_MEM_R_57/GAIA_MEM_R_57/u0/u0/DB[59]
1.448079 -0.124874 uusc/Uusc_rasmem/U2581/B1 uusc/Uusc_rasmem/RB_GAIA_MEM_R_57/GAIA_MEM_R_57/u0/u0/DB[58]
1.333729 -0.073636 uusc/RB_GAIA_MEM_R_158/GAIA_MEM_R_158/u0/u0_D_12__O2LVLUO_X4M_jasons_22220/A uusc/RB_GAIA_MEM_R_158/GAIA_MEM_R_158/u0/u0/D[12]
1.693339 -0.170118 uusc/Uusc_rasmem/U2492/B1 uusc/Uusc_rasmem/RB_GAIA_MEM_R_39/GAIA_MEM_R_39/u0/u0/DB[53]
1.693339 -0.162491 uusc/Uusc_rasmem/U2492/B1 uusc/Uusc_rasmem/RB_GAIA_MEM_R_41/GAIA_MEM_R_41/u0/u0/DB[53]
1.646064 -0.162235 uusc/Uusc_rasmem/U2670/B1 uusc/Uusc_rasmem/RB_GAIA_MEM_R_39/GAIA_MEM_R_39/u0/u0/DB[52]
1.646064 -0.155086 uusc/Uusc_rasmem/U2670/B1 uusc/Uusc_rasmem/RB_GAIA_MEM_R_41/GAIA_MEM_R_41/u0/u0/DB[52]
1.333873 -0.104857 uusc/U58898/A uusc/Uusc_ocmif/RB_GAIA_MEM_68/GAIA_MEM_68/DB[23]
1.377091 -0.090644 uusc/PLCOPT11843/A uusc/Uusc_ocmif/RB_GAIA_MEM_68/GAIA_MEM_68/DB[29]
1.086097 -0.071858 uusc/U58798/A uusc/Uusc_ocmif/RB_GAIA_MEM_69/GAIA_MEM_69/DB[27]
1.420975 -0.132765 uusc/U58891/A uusc/Uusc_ocmif/RB_GAIA_MEM_69/GAIA_MEM_69/DB[24]
1.079357 -0.049590 uusc/U58800/A uusc/Uusc_ocmif/RB_GAIA_MEM_69/GAIA_MEM_69/DB[25]
1.098989 -0.048228 uusc/Uusc_rasmem/U1412/B1 uusc/Uusc_rasmem/RB_GAIA_MEM_R_61/GAIA_MEM_R_61/u0/u0/DB[59]
1.624428 -0.151527 uusc/Uusc_rasmem/U3015/B1 uusc/Uusc_rasmem/RB_GAIA_MEM_R_39/GAIA_MEM_R_39/u0/u0/DB[36]
1.627426 -0.150117 uusc/Uusc_rasmem/U2909/B1 uusc/Uusc_rasmem/RB_GAIA_MEM_R_39/GAIA_MEM_R_39/u0/u0/DB[37]
1.624428 -0.143802 uusc/Uusc_rasmem/U3015/B1 uusc/Uusc_rasmem/RB_GAIA_MEM_R_41/GAIA_MEM_R_41/u0/u0/DB[36]
1.627426 -0.143252 uusc/Uusc_rasmem/U2909/B1 uusc/Uusc_rasmem/RB_GAIA_MEM_R_41/GAIA_MEM_R_41/u0/u0/DB[37]
1.387186 -0.086636 uusc/Uusc_dbf/Uusc_dbf_refmif/U3586/A uusc/Uusc_dbf/Uusc_dbf_refmif/RB_GAIA_MEM_27/GAIA_MEM_27/DB[15]
1.500801 -0.118940 uusc/Uusc_mcctl/Uusc_mcctl_tmpmem/U910/A0 uusc/Uusc_mcctl/Uusc_mcctl_tmpmem/RB_GAIA_MEM_R_166/GAIA_MEM_R_166/u0/u0/DB[21]
1.508360 -0.118081 uusc/Uusc_mcctl/Uusc_mcctl_tmpmem/U306/A0 uusc/Uusc_mcctl/Uusc_mcctl_tmpmem/RB_GAIA_MEM_R_166/GAIA_MEM_R_166/u0/u0/DB[20]
1.500801 -0.114924 uusc/Uusc_mcctl/Uusc_mcctl_tmpmem/U910/A0 uusc/Uusc_mcctl/Uusc_mcctl_tmpmem/RB_GAIA_MEM_R_168/GAIA_MEM_R_168/u0/u0/DB[21]
1.508360 -0.114084 uusc/Uusc_mcctl/Uusc_mcctl_tmpmem/U306/A0 uusc/Uusc_mcctl/Uusc_mcctl_tmpmem/RB_GAIA_MEM_R_168/GAIA_MEM_R_168/u0/u0/DB[20]
1.636783 -0.198311 uusc/Uusc_rasmem/U1986/B1 uusc/Uusc_rasmem/RB_GAIA_MEM_R_55/GAIA_MEM_R_55/u0/u0/DB[32]
1.542444 -0.182001 uusc/Uusc_rasmem/U2602/B1 uusc/Uusc_rasmem/RB_GAIA_MEM_R_55/GAIA_MEM_R_55/u0/u0/DB[33]
1.636783 -0.175802 uusc/Uusc_rasmem/U1986/B1 uusc/Uusc_rasmem/RB_GAIA_MEM_R_57/GAIA_MEM_R_57/u0/u0/DB[32]
1.542444 -0.159189 uusc/Uusc_rasmem/U2602/B1 uusc/Uusc_rasmem/RB_GAIA_MEM_R_57/GAIA_MEM_R_57/u0/u0/DB[33]
1.224429 -0.049227 uusc/Uusc_bcmmem/U394/A0 uusc/Uusc_bcmmem/RB_GAIA_MEM_R_47/GAIA_MEM_R_47/u0/u0/DB[18]
1.224429 -0.045514 uusc/Uusc_bcmmem/U394/A0 uusc/Uusc_bcmmem/RB_GAIA_MEM_R_45/GAIA_MEM_R_45/u0/u0/DB[18]
1.399914 -0.085899 uusc/Uusc_rasmem/U1942/B1 uusc/Uusc_rasmem/RB_GAIA_MEM_R_33/GAIA_MEM_R_33/u0/u0/DB[42]
1.378798 -0.077545 uusc/Uusc_rasmem/U1939/B1 uusc/Uusc_rasmem/RB_GAIA_MEM_R_33/GAIA_MEM_R_33/u0/u0/DB[43]
1.399914 -0.047214 uusc/Uusc_rasmem/U1942/B1 uusc/Uusc_rasmem/RB_GAIA_MEM_R_31/GAIA_MEM_R_31/u0/u0/DB[42]
1.597290 -0.144618 uusc/Uusc_rasmem/U2669/B1 uusc/Uusc_rasmem/RB_GAIA_MEM_R_39/GAIA_MEM_R_39/u0/u0/DB[38]
1.597290 -0.139118 uusc/Uusc_rasmem/U2669/B1 uusc/Uusc_rasmem/RB_GAIA_MEM_R_41/GAIA_MEM_R_41/u0/u0/DB[38]
1.348857 -0.042154 uusc/Uusc_rasmem/U2667/B1 uusc/Uusc_rasmem/RB_GAIA_MEM_R_39/GAIA_MEM_R_39/u0/u0/DB[39]
1.614149 -0.155916 uusc/Uusc_mcctl/Uusc_mcctl_tmpmem/U654/A0 uusc/Uusc_mcctl/Uusc_mcctl_tmpmem/RB_GAIA_MEM_R_166/GAIA_MEM_R_166/u0/u0/DB[12]
1.589044 -0.131572 uusc/Uusc_mcctl/Uusc_mcctl_tmpmem/U620/A0 uusc/Uusc_mcctl/Uusc_mcctl_tmpmem/RB_GAIA_MEM_R_166/GAIA_MEM_R_166/u0/u0/DB[13]
1.589044 -0.129181 uusc/Uusc_mcctl/Uusc_mcctl_tmpmem/U620/A0 uusc/Uusc_mcctl/Uusc_mcctl_tmpmem/RB_GAIA_MEM_R_168/GAIA_MEM_R_168/u0/u0/DB[13]
1.614149 -0.116918 uusc/Uusc_mcctl/Uusc_mcctl_tmpmem/U654/A0 uusc/Uusc_mcctl/Uusc_mcctl_tmpmem/RB_GAIA_MEM_R_168/GAIA_MEM_R_168/u0/u0/DB[12]
1.261220 -0.041209 uusc/Uusc_dbf/Uusc_dbf_rasmif/PLCOPT771/A uusc/Uusc_rasmem/RB_GAIA_MEM_R_33/GAIA_MEM_R_33/u0/u0/DB[18]
1.645190 -0.158663 uusc/Uusc_mcctl/Uusc_mcctl_tmpmem/U901/A0 uusc/Uusc_mcctl/Uusc_mcctl_tmpmem/RB_GAIA_MEM_R_166/GAIA_MEM_R_166/u0/u0/DB[36]
1.645190 -0.156430 uusc/Uusc_mcctl/Uusc_mcctl_tmpmem/U901/A0 uusc/Uusc_mcctl/Uusc_mcctl_tmpmem/RB_GAIA_MEM_R_168/GAIA_MEM_R_168/u0/u0/DB[36]
1.572303 -0.123319 uusc/Uusc_mcctl/Uusc_mcctl_tmpmem/U1136/A0 uusc/Uusc_mcctl/Uusc_mcctl_tmpmem/RB_GAIA_MEM_R_166/GAIA_MEM_R_166/u0/u0/DB[37]
1.572303 -0.119374 uusc/Uusc_mcctl/Uusc_mcctl_tmpmem/U1136/A0 uusc/Uusc_mcctl/Uusc_mcctl_tmpmem/RB_GAIA_MEM_R_168/GAIA_MEM_R_168/u0/u0/DB[37]
1.466516 -0.138167 uusc/Uusc_rasmem/U2576/B1 uusc/Uusc_rasmem/RB_GAIA_MEM_R_58/GAIA_MEM_R_58/u0/u0/DB[32]
1.466516 -0.105349 uusc/Uusc_rasmem/U2576/B1 uusc/Uusc_rasmem/RB_GAIA_MEM_R_56/GAIA_MEM_R_56/u0/u0/DB[32]
1.404586 -0.102385 uusc/Uusc_rasmem/U2574/B1 uusc/Uusc_rasmem/RB_GAIA_MEM_R_58/GAIA_MEM_R_58/u0/u0/DB[33]
1.404586 -0.068788 uusc/Uusc_rasmem/U2574/B1 uusc/Uusc_rasmem/RB_GAIA_MEM_R_56/GAIA_MEM_R_56/u0/u0/DB[33]
1.481563 -0.115022 uusc/Uusc_mcctl/Uusc_mcctl_tmpmem/U789/A0 uusc/Uusc_mcctl/Uusc_mcctl_tmpmem/RB_GAIA_MEM_R_88/GAIA_MEM_R_88/u0/u0/DB[57]
1.219057 -0.068177 uusc/U12592/A uusc/Uusc_ocmif/RB_GAIA_MEM_69/GAIA_MEM_69/DB[15]
1.450952 -0.119754 uusc/Uusc_mcctl/Uusc_mcctl_tmpmem/U391/A0 uusc/Uusc_mcctl/Uusc_mcctl_tmpmem/RB_GAIA_MEM_R_165/GAIA_MEM_R_165/u0/u0/DB[59]
1.450952 -0.080703 uusc/Uusc_mcctl/Uusc_mcctl_tmpmem/U391/A0 uusc/Uusc_mcctl/Uusc_mcctl_tmpmem/RB_GAIA_MEM_R_167/GAIA_MEM_R_167/u0/u0/DB[59]
1.619850 -0.142220 uusc/Uusc_rasmem/U1806/B1 uusc/Uusc_rasmem/RB_GAIA_MEM_R_35/GAIA_MEM_R_35/u0/u0/DB[37]
1.556002 -0.134096 uusc/Uusc_rasmem/U1807/B1 uusc/Uusc_rasmem/RB_GAIA_MEM_R_35/GAIA_MEM_R_35/u0/u0/DB[36]
1.619850 -0.133234 uusc/Uusc_rasmem/U1806/B1 uusc/Uusc_rasmem/RB_GAIA_MEM_R_37/GAIA_MEM_R_37/u0/u0/DB[37]
1.556002 -0.125627 uusc/Uusc_rasmem/U1807/B1 uusc/Uusc_rasmem/RB_GAIA_MEM_R_37/GAIA_MEM_R_37/u0/u0/DB[36]
1.341209 -0.050477 uusc/Uusc_dbf/Uusc_dbf_refmif/U3956/A uusc/Uusc_dbf/Uusc_dbf_refmif/RB_GAIA_MEM_27/GAIA_MEM_27/DB[23]
1.493620 -0.112962 uusc/Uusc_rasmem/U1727/B1 uusc/Uusc_rasmem/RB_GAIA_MEM_R_33/GAIA_MEM_R_33/u0/u0/DB[54]
1.505362 -0.112404 uusc/Uusc_rasmem/U930/B1 uusc/Uusc_rasmem/RB_GAIA_MEM_R_33/GAIA_MEM_R_33/u0/u0/DB[55]
1.493620 -0.073803 uusc/Uusc_rasmem/U1727/B1 uusc/Uusc_rasmem/RB_GAIA_MEM_R_31/GAIA_MEM_R_31/u0/u0/DB[54]
1.505362 -0.071960 uusc/Uusc_rasmem/U930/B1 uusc/Uusc_rasmem/RB_GAIA_MEM_R_31/GAIA_MEM_R_31/u0/u0/DB[55]
